2019-04-11T01:55:24.097596Z 0 [Warning] TIMESTAMP with implicit DEFAULT value is deprecated. Please use --explicit_defaults_for_timestamp server option (see documentation for more details).
2019-04-11T01:55:24.122007Z 0 [Note] /usr/sbin/mysqld (mysqld 5.7.23) starting as process 29 ...
2019-04-11T01:55:24.160598Z 0 [Note] InnoDB: PUNCH HOLE support available
2019-04-11T01:55:24.160630Z 0 [Note] InnoDB: Mutexes and rw_locks use GCC atomic builtins
2019-04-11T01:55:24.160634Z 0 [Note] InnoDB: Uses event mutexes
2019-04-11T01:55:24.160638Z 0 [Note] InnoDB: GCC builtin __atomic_thread_fence() is used for memory barrier
2019-04-11T01:55:24.160641Z 0 [Note] InnoDB: Compressed tables use zlib 1.2.3
2019-04-11T01:55:24.160645Z 0 [Note] InnoDB: Using Linux native AIO
2019-04-11T01:55:24.162619Z 0 [Note] InnoDB: Number of pools: 1
2019-04-11T01:55:24.166116Z 0 [Note] InnoDB: Using CPU crc32 instructions
2019-04-11T01:55:24.190668Z 0 [Note] InnoDB: Initializing buffer pool, total size = 32M, instances = 1, chunk size = 32M
2019-04-11T01:55:24.205725Z 0 [Note] InnoDB: Completed initialization of buffer pool
2019-04-11T01:55:24.208992Z 0 [Note] InnoDB: If the mysqld execution user is authorized, page cleaner thread priority can be changed. See the man page of setpriority().
2019-04-11T01:55:24.240894Z 0 [Note] InnoDB: Highest supported file format is Barracuda.
2019-04-11T01:55:24.243483Z 0 [Note] InnoDB: Log scan progressed past the checkpoint lsn 2588963
2019-04-11T01:55:24.243510Z 0 [Note] InnoDB: Doing recovery: scanned up to log sequence number 2591784
2019-04-11T01:55:24.246627Z 0 [Note] InnoDB: Database was not shutdown normally!
2019-04-11T01:55:24.246644Z 0 [Note] InnoDB: Starting crash recovery.
2019-04-11T01:55:24.890781Z 0 [Note] InnoDB: Starting an apply batch of log records to the database...
InnoDB: Progress in percent: 16 17 18 19 20 21 22 23 24 25 26 27 28 29 30 31 32 33 34 35 36 37 38 39 40 41 42 43 44 45 46 47 48 49 50 51 52 53 54 55 56 57 58 59 60 61 62 63 64 65 66 67 68 69 70 71 72 73 74 75 76 77 78 79 80 81 82 83 84 85 86 87 88 89 90 91 92 93 94 95 96 97 98 99 
2019-04-11T01:55:24.899995Z 0 [Note] InnoDB: Apply batch completed
2019-04-11T01:55:25.024945Z 0 [Note] InnoDB: Removed temporary tablespace data file: "ibtmp1"
2019-04-11T01:55:25.024973Z 0 [Note] InnoDB: Creating shared tablespace for temporary tables
2019-04-11T01:55:25.025036Z 0 [Note] InnoDB: Setting file './ibtmp1' size to 12 MB. Physically writing the file full; Please wait ...
2019-04-11T01:55:25.082199Z 0 [Note] InnoDB: File './ibtmp1' size is now 12 MB.
2019-04-11T01:55:25.083973Z 0 [Note] InnoDB: 96 redo rollback segment(s) found. 96 redo rollback segment(s) are active.
2019-04-11T01:55:25.084265Z 0 [Note] InnoDB: 32 non-redo rollback segment(s) are active.
2019-04-11T01:55:25.087480Z 0 [Note] InnoDB: Waiting for purge to start
2019-04-11T01:55:25.139883Z 0 [Note] InnoDB: 5.7.23 started; log sequence number 2591784
2019-04-11T01:55:25.149274Z 0 [Note] Plugin 'FEDERATED' is disabled.
2019-04-11T01:55:25.149500Z 0 [Note] InnoDB: Loading buffer pool(s) from /var/lib/mysql/ib_buffer_pool
2019-04-11T01:55:25.193894Z 0 [Note] InnoDB: Buffer pool(s) load completed at 190411  1:55:25
2019-04-11T01:55:25.197820Z 0 [Warning] Failed to set up SSL because of the following SSL library error: SSL context is not usable without certificate and private key
2019-04-11T01:55:25.197838Z 0 [Note] Server hostname (bind-address): '*'; port: 3306
2019-04-11T01:55:25.198013Z 0 [Note] IPv6 is available.
2019-04-11T01:55:25.198439Z 0 [Note]   - '::' resolves to '::';
2019-04-11T01:55:25.198455Z 0 [Note] Server socket created on IP: '::'.
2019-04-11T01:55:25.202303Z 0 [Warning] Insecure configuration for --pid-file: Location '/var/run/mysqld' in the path is accessible to all OS users. Consider choosing a different directory.
2019-04-11T01:55:25.204866Z 0 [ERROR] /usr/sbin/mysqld: Table './mysql/user' is marked as crashed and should be repaired
2019-04-11T01:55:25.205007Z 0 [Warning] Checking table:   './mysql/user'
2019-04-11T01:55:25.205018Z 0 [ERROR] 1 client is using or hasn't closed the table properly
2019-04-11T01:55:25.211787Z 0 [Warning] 'user' entry 'root@localhost' ignored in --skip-name-resolve mode.
2019-04-11T01:55:25.211824Z 0 [Warning] 'user' entry 'mysql.session@localhost' ignored in --skip-name-resolve mode.
2019-04-11T01:55:25.211832Z 0 [Warning] 'user' entry 'mysql.sys@localhost' ignored in --skip-name-resolve mode.
2019-04-11T01:55:25.212279Z 0 [Warning] 'db' entry 'performance_schema mysql.session@localhost' ignored in --skip-name-resolve mode.
2019-04-11T01:55:25.212295Z 0 [Warning] 'db' entry 'sys mysql.sys@localhost' ignored in --skip-name-resolve mode.
2019-04-11T01:55:25.212548Z 0 [Warning] 'proxies_priv' entry '@ root@localhost' ignored in --skip-name-resolve mode.
2019-04-11T01:55:25.255770Z 0 [Warning] 'tables_priv' entry 'user mysql.session@localhost' ignored in --skip-name-resolve mode.
2019-04-11T01:55:25.255794Z 0 [Warning] 'tables_priv' entry 'sys_config mysql.sys@localhost' ignored in --skip-name-resolve mode.
2019-04-11T01:55:25.320113Z 0 [Note] Event Scheduler: Loaded 0 events
2019-04-11T01:55:25.329415Z 0 [Note] /usr/sbin/mysqld: ready for connections.
Version: '5.7.23'  socket: '/var/run/mysqld/mysqld.sock'  port: 3306  MySQL Community Server (GPL)
2019-04-11T01:55:26.135837Z 4 [ERROR] /usr/sbin/mysqld: Table './mysql/proc' is marked as crashed and should be repaired
2019-04-11T01:55:26.135958Z 4 [Warning] Checking table:   './mysql/proc'
2019-04-11T01:55:26.169866Z 6 [Warning] 'user' entry 'root@localhost' ignored in --skip-name-resolve mode.
2019-04-11T01:55:26.169892Z 6 [Warning] 'user' entry 'mysql.session@localhost' ignored in --skip-name-resolve mode.
2019-04-11T01:55:26.169902Z 6 [Warning] 'user' entry 'mysql.sys@localhost' ignored in --skip-name-resolve mode.
2019-04-11T01:55:26.169922Z 6 [Warning] 'db' entry 'performance_schema mysql.session@localhost' ignored in --skip-name-resolve mode.
2019-04-11T01:55:26.169927Z 6 [Warning] 'db' entry 'sys mysql.sys@localhost' ignored in --skip-name-resolve mode.
2019-04-11T01:55:26.169937Z 6 [Warning] 'proxies_priv' entry '@ root@localhost' ignored in --skip-name-resolve mode.
2019-04-11T01:55:26.170085Z 6 [Warning] 'tables_priv' entry 'user mysql.session@localhost' ignored in --skip-name-resolve mode.
2019-04-11T01:55:26.170094Z 6 [Warning] 'tables_priv' entry 'sys_config mysql.sys@localhost' ignored in --skip-name-resolve mode.
2019-04-11T04:57:55.574335Z 0 [Note] Giving 0 client threads a chance to die gracefully
2019-04-11T04:57:55.578474Z 0 [Note] Shutting down slave threads
2019-04-11T04:57:55.578492Z 0 [Note] Forcefully disconnecting 0 remaining clients
2019-04-11T04:57:55.578501Z 0 [Note] Event Scheduler: Purging the queue. 0 events
2019-04-11T04:57:55.578563Z 0 [Note] Binlog end
2019-04-11T04:57:55.600122Z 0 [Note] Shutting down plugin 'ngram'
2019-04-11T04:57:55.600148Z 0 [Note] Shutting down plugin 'partition'
2019-04-11T04:57:55.600153Z 0 [Note] Shutting down plugin 'BLACKHOLE'
2019-04-11T04:57:55.600157Z 0 [Note] Shutting down plugin 'ARCHIVE'
2019-04-11T04:57:55.600160Z 0 [Note] Shutting down plugin 'PERFORMANCE_SCHEMA'
2019-04-11T04:57:55.600237Z 0 [Note] Shutting down plugin 'MRG_MYISAM'
2019-04-11T04:57:55.600243Z 0 [Note] Shutting down plugin 'MyISAM'
2019-04-11T04:57:55.600255Z 0 [Note] Shutting down plugin 'INNODB_SYS_VIRTUAL'
2019-04-11T04:57:55.600259Z 0 [Note] Shutting down plugin 'INNODB_SYS_DATAFILES'
2019-04-11T04:57:55.600262Z 0 [Note] Shutting down plugin 'INNODB_SYS_TABLESPACES'
2019-04-11T04:57:55.600264Z 0 [Note] Shutting down plugin 'INNODB_SYS_FOREIGN_COLS'
2019-04-11T04:57:55.600267Z 0 [Note] Shutting down plugin 'INNODB_SYS_FOREIGN'
2019-04-11T04:57:55.600269Z 0 [Note] Shutting down plugin 'INNODB_SYS_FIELDS'
2019-04-11T04:57:55.600285Z 0 [Note] Shutting down plugin 'INNODB_SYS_COLUMNS'
2019-04-11T04:57:55.600287Z 0 [Note] Shutting down plugin 'INNODB_SYS_INDEXES'
2019-04-11T04:57:55.600290Z 0 [Note] Shutting down plugin 'INNODB_SYS_TABLESTATS'
2019-04-11T04:57:55.600292Z 0 [Note] Shutting down plugin 'INNODB_SYS_TABLES'
2019-04-11T04:57:55.600295Z 0 [Note] Shutting down plugin 'INNODB_FT_INDEX_TABLE'
2019-04-11T04:57:55.600305Z 0 [Note] Shutting down plugin 'INNODB_FT_INDEX_CACHE'
2019-04-11T04:57:55.600308Z 0 [Note] Shutting down plugin 'INNODB_FT_CONFIG'
2019-04-11T04:57:55.600311Z 0 [Note] Shutting down plugin 'INNODB_FT_BEING_DELETED'
2019-04-11T04:57:55.600313Z 0 [Note] Shutting down plugin 'INNODB_FT_DELETED'
2019-04-11T04:57:55.600316Z 0 [Note] Shutting down plugin 'INNODB_FT_DEFAULT_STOPWORD'
2019-04-11T04:57:55.600318Z 0 [Note] Shutting down plugin 'INNODB_METRICS'
2019-04-11T04:57:55.600320Z 0 [Note] Shutting down plugin 'INNODB_TEMP_TABLE_INFO'
2019-04-11T04:57:55.600322Z 0 [Note] Shutting down plugin 'INNODB_BUFFER_POOL_STATS'
2019-04-11T04:57:55.600325Z 0 [Note] Shutting down plugin 'INNODB_BUFFER_PAGE_LRU'
2019-04-11T04:57:55.600327Z 0 [Note] Shutting down plugin 'INNODB_BUFFER_PAGE'
2019-04-11T04:57:55.600329Z 0 [Note] Shutting down plugin 'INNODB_CMP_PER_INDEX_RESET'
2019-04-11T04:57:55.600331Z 0 [Note] Shutting down plugin 'INNODB_CMP_PER_INDEX'
2019-04-11T04:57:55.600333Z 0 [Note] Shutting down plugin 'INNODB_CMPMEM_RESET'
2019-04-11T04:57:55.600335Z 0 [Note] Shutting down plugin 'INNODB_CMPMEM'
2019-04-11T04:57:55.600337Z 0 [Note] Shutting down plugin 'INNODB_CMP_RESET'
2019-04-11T04:57:55.600339Z 0 [Note] Shutting down plugin 'INNODB_CMP'
2019-04-11T04:57:55.600342Z 0 [Note] Shutting down plugin 'INNODB_LOCK_WAITS'
2019-04-11T04:57:55.600344Z 0 [Note] Shutting down plugin 'INNODB_LOCKS'
2019-04-11T04:57:55.600368Z 0 [Note] Shutting down plugin 'INNODB_TRX'
2019-04-11T04:57:55.600371Z 0 [Note] Shutting down plugin 'InnoDB'
2019-04-11T04:57:55.600426Z 0 [Note] InnoDB: FTS optimize thread exiting.
2019-04-11T04:57:55.600674Z 0 [Note] InnoDB: Starting shutdown...
2019-04-11T04:57:55.802195Z 0 [Note] InnoDB: Dumping buffer pool(s) to /var/lib/mysql/ib_buffer_pool
2019-04-11T04:57:55.802732Z 0 [Note] InnoDB: Buffer pool(s) dump completed at 190411  4:57:55
2019-04-11T04:57:57.262562Z 0 [Note] InnoDB: Shutdown completed; log sequence number 5277242
2019-04-11T04:57:57.262803Z 0 [Note] InnoDB: Removed temporary tablespace data file: "ibtmp1"
2019-04-11T04:57:57.262813Z 0 [Note] Shutting down plugin 'MEMORY'
2019-04-11T04:57:57.262818Z 0 [Note] Shutting down plugin 'CSV'
2019-04-11T04:57:57.262821Z 0 [Note] Shutting down plugin 'sha256_password'
2019-04-11T04:57:57.262936Z 0 [Note] Shutting down plugin 'mysql_native_password'
2019-04-11T04:57:57.263051Z 0 [Note] Shutting down plugin 'binlog'
2019-04-11T04:57:57.263343Z 0 [Note] /usr/sbin/mysqld: Shutdown complete

2019-04-11T05:03:13.580328Z 0 [Warning] TIMESTAMP with implicit DEFAULT value is deprecated. Please use --explicit_defaults_for_timestamp server option (see documentation for more details).
2019-04-11T05:03:13.580542Z 0 [Note] /usr/sbin/mysqld (mysqld 5.7.23) starting as process 71 ...
2019-04-11T05:03:13.590986Z 0 [Note] InnoDB: PUNCH HOLE support available
2019-04-11T05:03:13.591003Z 0 [Note] InnoDB: Mutexes and rw_locks use GCC atomic builtins
2019-04-11T05:03:13.591006Z 0 [Note] InnoDB: Uses event mutexes
2019-04-11T05:03:13.591008Z 0 [Note] InnoDB: GCC builtin __atomic_thread_fence() is used for memory barrier
2019-04-11T05:03:13.591010Z 0 [Note] InnoDB: Compressed tables use zlib 1.2.3
2019-04-11T05:03:13.591012Z 0 [Note] InnoDB: Using Linux native AIO
2019-04-11T05:03:13.591149Z 0 [Note] InnoDB: Number of pools: 1
2019-04-11T05:03:13.591215Z 0 [Note] InnoDB: Using CPU crc32 instructions
2019-04-11T05:03:13.592225Z 0 [Note] InnoDB: Initializing buffer pool, total size = 32M, instances = 1, chunk size = 32M
2019-04-11T05:03:13.593597Z 0 [Note] InnoDB: Completed initialization of buffer pool
2019-04-11T05:03:13.599284Z 0 [Note] InnoDB: If the mysqld execution user is authorized, page cleaner thread priority can be changed. See the man page of setpriority().
2019-04-11T05:03:13.605692Z 0 [Note] InnoDB: Highest supported file format is Barracuda.
2019-04-11T05:03:13.620039Z 0 [Note] InnoDB: Creating shared tablespace for temporary tables
2019-04-11T05:03:13.620092Z 0 [Note] InnoDB: Setting file './ibtmp1' size to 12 MB. Physically writing the file full; Please wait ...
2019-04-11T05:03:13.640208Z 0 [Note] InnoDB: File './ibtmp1' size is now 12 MB.
2019-04-11T05:03:13.640721Z 0 [Note] InnoDB: 96 redo rollback segment(s) found. 96 redo rollback segment(s) are active.
2019-04-11T05:03:13.640730Z 0 [Note] InnoDB: 32 non-redo rollback segment(s) are active.
2019-04-11T05:03:13.641098Z 0 [Note] InnoDB: Waiting for purge to start
2019-04-11T05:03:13.691381Z 0 [Note] InnoDB: 5.7.23 started; log sequence number 5277242
2019-04-11T05:03:13.691830Z 0 [Note] Plugin 'FEDERATED' is disabled.
2019-04-11T05:03:13.694470Z 0 [Warning] Failed to set up SSL because of the following SSL library error: SSL context is not usable without certificate and private key
2019-04-11T05:03:13.694481Z 0 [Note] Server hostname (bind-address): '*'; port: 3306
2019-04-11T05:03:13.694512Z 0 [Note] IPv6 is available.
2019-04-11T05:03:13.694520Z 0 [Note]   - '::' resolves to '::';
2019-04-11T05:03:13.694524Z 0 [Note] Server socket created on IP: '::'.
2019-04-11T05:03:13.694825Z 0 [Note] InnoDB: Loading buffer pool(s) from /var/lib/mysql/ib_buffer_pool
2019-04-11T05:03:13.695372Z 0 [Warning] Insecure configuration for --pid-file: Location '/var/run/mysqld' in the path is accessible to all OS users. Consider choosing a different directory.
2019-04-11T05:03:13.700068Z 0 [Warning] 'user' entry 'root@localhost' ignored in --skip-name-resolve mode.
2019-04-11T05:03:13.700125Z 0 [Warning] 'user' entry 'mysql.session@localhost' ignored in --skip-name-resolve mode.
2019-04-11T05:03:13.700134Z 0 [Warning] 'user' entry 'mysql.sys@localhost' ignored in --skip-name-resolve mode.
2019-04-11T05:03:13.700305Z 0 [Warning] 'db' entry 'performance_schema mysql.session@localhost' ignored in --skip-name-resolve mode.
2019-04-11T05:03:13.700503Z 0 [Warning] 'db' entry 'sys mysql.sys@localhost' ignored in --skip-name-resolve mode.
2019-04-11T05:03:13.700539Z 0 [Warning] 'proxies_priv' entry '@ root@localhost' ignored in --skip-name-resolve mode.
2019-04-11T05:03:13.702989Z 0 [Warning] 'tables_priv' entry 'user mysql.session@localhost' ignored in --skip-name-resolve mode.
2019-04-11T05:03:13.703006Z 0 [Warning] 'tables_priv' entry 'sys_config mysql.sys@localhost' ignored in --skip-name-resolve mode.
2019-04-11T05:03:13.708765Z 0 [Note] InnoDB: Buffer pool(s) load completed at 190411  5:03:13
2019-04-11T05:03:13.740312Z 0 [Note] Event Scheduler: Loaded 0 events
2019-04-11T05:03:13.749905Z 0 [Note] /usr/sbin/mysqld: ready for connections.
Version: '5.7.23'  socket: '/var/run/mysqld/mysqld.sock'  port: 3306  MySQL Community Server (GPL)
2019-04-11T05:13:03.527185Z 0 [Note] Giving 0 client threads a chance to die gracefully
2019-04-11T05:13:03.530504Z 0 [Note] Shutting down slave threads
2019-04-11T05:13:03.530521Z 0 [Note] Forcefully disconnecting 0 remaining clients
2019-04-11T05:13:03.530531Z 0 [Note] Event Scheduler: Purging the queue. 0 events
2019-04-11T05:13:03.530727Z 0 [Note] Binlog end
2019-04-11T05:13:03.538014Z 0 [Note] Shutting down plugin 'ngram'
2019-04-11T05:13:03.538033Z 0 [Note] Shutting down plugin 'partition'
2019-04-11T05:13:03.538068Z 0 [Note] Shutting down plugin 'BLACKHOLE'
2019-04-11T05:13:03.538078Z 0 [Note] Shutting down plugin 'ARCHIVE'
2019-04-11T05:13:03.538081Z 0 [Note] Shutting down plugin 'PERFORMANCE_SCHEMA'
2019-04-11T05:13:03.538096Z 0 [Note] Shutting down plugin 'MRG_MYISAM'
2019-04-11T05:13:03.538099Z 0 [Note] Shutting down plugin 'MyISAM'
2019-04-11T05:13:03.538107Z 0 [Note] Shutting down plugin 'INNODB_SYS_VIRTUAL'
2019-04-11T05:13:03.538110Z 0 [Note] Shutting down plugin 'INNODB_SYS_DATAFILES'
2019-04-11T05:13:03.538112Z 0 [Note] Shutting down plugin 'INNODB_SYS_TABLESPACES'
2019-04-11T05:13:03.538114Z 0 [Note] Shutting down plugin 'INNODB_SYS_FOREIGN_COLS'
2019-04-11T05:13:03.538115Z 0 [Note] Shutting down plugin 'INNODB_SYS_FOREIGN'
2019-04-11T05:13:03.538117Z 0 [Note] Shutting down plugin 'INNODB_SYS_FIELDS'
2019-04-11T05:13:03.538118Z 0 [Note] Shutting down plugin 'INNODB_SYS_COLUMNS'
2019-04-11T05:13:03.538120Z 0 [Note] Shutting down plugin 'INNODB_SYS_INDEXES'
2019-04-11T05:13:03.538127Z 0 [Note] Shutting down plugin 'INNODB_SYS_TABLESTATS'
2019-04-11T05:13:03.538129Z 0 [Note] Shutting down plugin 'INNODB_SYS_TABLES'
2019-04-11T05:13:03.538131Z 0 [Note] Shutting down plugin 'INNODB_FT_INDEX_TABLE'
2019-04-11T05:13:03.538132Z 0 [Note] Shutting down plugin 'INNODB_FT_INDEX_CACHE'
2019-04-11T05:13:03.538134Z 0 [Note] Shutting down plugin 'INNODB_FT_CONFIG'
2019-04-11T05:13:03.538135Z 0 [Note] Shutting down plugin 'INNODB_FT_BEING_DELETED'
2019-04-11T05:13:03.538137Z 0 [Note] Shutting down plugin 'INNODB_FT_DELETED'
2019-04-11T05:13:03.538139Z 0 [Note] Shutting down plugin 'INNODB_FT_DEFAULT_STOPWORD'
2019-04-11T05:13:03.538140Z 0 [Note] Shutting down plugin 'INNODB_METRICS'
2019-04-11T05:13:03.538142Z 0 [Note] Shutting down plugin 'INNODB_TEMP_TABLE_INFO'
2019-04-11T05:13:03.538144Z 0 [Note] Shutting down plugin 'INNODB_BUFFER_POOL_STATS'
2019-04-11T05:13:03.538146Z 0 [Note] Shutting down plugin 'INNODB_BUFFER_PAGE_LRU'
2019-04-11T05:13:03.538149Z 0 [Note] Shutting down plugin 'INNODB_BUFFER_PAGE'
2019-04-11T05:13:03.538151Z 0 [Note] Shutting down plugin 'INNODB_CMP_PER_INDEX_RESET'
2019-04-11T05:13:03.538153Z 0 [Note] Shutting down plugin 'INNODB_CMP_PER_INDEX'
2019-04-11T05:13:03.538156Z 0 [Note] Shutting down plugin 'INNODB_CMPMEM_RESET'
2019-04-11T05:13:03.538158Z 0 [Note] Shutting down plugin 'INNODB_CMPMEM'
2019-04-11T05:13:03.538161Z 0 [Note] Shutting down plugin 'INNODB_CMP_RESET'
2019-04-11T05:13:03.538163Z 0 [Note] Shutting down plugin 'INNODB_CMP'
2019-04-11T05:13:03.538164Z 0 [Note] Shutting down plugin 'INNODB_LOCK_WAITS'
2019-04-11T05:13:03.538166Z 0 [Note] Shutting down plugin 'INNODB_LOCKS'
2019-04-11T05:13:03.538168Z 0 [Note] Shutting down plugin 'INNODB_TRX'
2019-04-11T05:13:03.538169Z 0 [Note] Shutting down plugin 'InnoDB'
2019-04-11T05:13:03.538220Z 0 [Note] InnoDB: FTS optimize thread exiting.
2019-04-11T05:13:03.539855Z 0 [Note] InnoDB: Starting shutdown...
2019-04-11T05:13:03.640328Z 0 [Note] InnoDB: Dumping buffer pool(s) to /var/lib/mysql/ib_buffer_pool
2019-04-11T05:13:03.640535Z 0 [Note] InnoDB: Buffer pool(s) dump completed at 190411  5:13:03
2019-04-11T05:13:04.954028Z 0 [Note] InnoDB: Shutdown completed; log sequence number 5396078
2019-04-11T05:13:04.954546Z 0 [Note] InnoDB: Removed temporary tablespace data file: "ibtmp1"
2019-04-11T05:13:04.954570Z 0 [Note] Shutting down plugin 'MEMORY'
2019-04-11T05:13:04.954577Z 0 [Note] Shutting down plugin 'CSV'
2019-04-11T05:13:04.954582Z 0 [Note] Shutting down plugin 'sha256_password'
2019-04-11T05:13:04.954585Z 0 [Note] Shutting down plugin 'mysql_native_password'
2019-04-11T05:13:04.954710Z 0 [Note] Shutting down plugin 'binlog'
2019-04-11T05:13:04.955201Z 0 [Note] /usr/sbin/mysqld: Shutdown complete

2019-04-11T05:31:40.089689Z 0 [Warning] TIMESTAMP with implicit DEFAULT value is deprecated. Please use --explicit_defaults_for_timestamp server option (see documentation for more details).
2019-04-11T05:31:40.089890Z 0 [Note] /usr/sbin/mysqld (mysqld 5.7.23) starting as process 79 ...
2019-04-11T05:31:40.100457Z 0 [Note] InnoDB: PUNCH HOLE support available
2019-04-11T05:31:40.100479Z 0 [Note] InnoDB: Mutexes and rw_locks use GCC atomic builtins
2019-04-11T05:31:40.100482Z 0 [Note] InnoDB: Uses event mutexes
2019-04-11T05:31:40.100484Z 0 [Note] InnoDB: GCC builtin __atomic_thread_fence() is used for memory barrier
2019-04-11T05:31:40.100486Z 0 [Note] InnoDB: Compressed tables use zlib 1.2.3
2019-04-11T05:31:40.100488Z 0 [Note] InnoDB: Using Linux native AIO
2019-04-11T05:31:40.100622Z 0 [Note] InnoDB: Number of pools: 1
2019-04-11T05:31:40.100685Z 0 [Note] InnoDB: Using CPU crc32 instructions
2019-04-11T05:31:40.101650Z 0 [Note] InnoDB: Initializing buffer pool, total size = 32M, instances = 1, chunk size = 32M
2019-04-11T05:31:40.102920Z 0 [Note] InnoDB: Completed initialization of buffer pool
2019-04-11T05:31:40.111750Z 0 [Note] InnoDB: If the mysqld execution user is authorized, page cleaner thread priority can be changed. See the man page of setpriority().
2019-04-11T05:31:40.119276Z 0 [Note] InnoDB: Highest supported file format is Barracuda.
2019-04-11T05:31:40.152196Z 0 [Note] InnoDB: Creating shared tablespace for temporary tables
2019-04-11T05:31:40.152258Z 0 [Note] InnoDB: Setting file './ibtmp1' size to 12 MB. Physically writing the file full; Please wait ...
2019-04-11T05:31:40.180940Z 0 [Note] InnoDB: File './ibtmp1' size is now 12 MB.
2019-04-11T05:31:40.181599Z 0 [Note] InnoDB: 96 redo rollback segment(s) found. 96 redo rollback segment(s) are active.
2019-04-11T05:31:40.181619Z 0 [Note] InnoDB: 32 non-redo rollback segment(s) are active.
2019-04-11T05:31:40.181966Z 0 [Note] InnoDB: Waiting for purge to start
2019-04-11T05:31:40.232646Z 0 [Note] InnoDB: 5.7.23 started; log sequence number 5396078
2019-04-11T05:31:40.233127Z 0 [Note] Plugin 'FEDERATED' is disabled.
2019-04-11T05:31:40.238127Z 0 [Note] InnoDB: Loading buffer pool(s) from /var/lib/mysql/ib_buffer_pool
2019-04-11T05:31:40.239451Z 0 [Warning] Failed to set up SSL because of the following SSL library error: SSL context is not usable without certificate and private key
2019-04-11T05:31:40.239480Z 0 [Note] Server hostname (bind-address): '*'; port: 3306
2019-04-11T05:31:40.239604Z 0 [Note] IPv6 is available.
2019-04-11T05:31:40.239620Z 0 [Note]   - '::' resolves to '::';
2019-04-11T05:31:40.239627Z 0 [Note] Server socket created on IP: '::'.
2019-04-11T05:31:40.242190Z 0 [Warning] Insecure configuration for --pid-file: Location '/var/run/mysqld' in the path is accessible to all OS users. Consider choosing a different directory.
2019-04-11T05:31:40.248439Z 0 [Warning] 'user' entry 'root@localhost' ignored in --skip-name-resolve mode.
2019-04-11T05:31:40.248466Z 0 [Warning] 'user' entry 'mysql.session@localhost' ignored in --skip-name-resolve mode.
2019-04-11T05:31:40.248472Z 0 [Warning] 'user' entry 'mysql.sys@localhost' ignored in --skip-name-resolve mode.
2019-04-11T05:31:40.248928Z 0 [Warning] 'db' entry 'performance_schema mysql.session@localhost' ignored in --skip-name-resolve mode.
2019-04-11T05:31:40.248942Z 0 [Warning] 'db' entry 'sys mysql.sys@localhost' ignored in --skip-name-resolve mode.
2019-04-11T05:31:40.250369Z 0 [Warning] 'proxies_priv' entry '@ root@localhost' ignored in --skip-name-resolve mode.
2019-04-11T05:31:40.271705Z 0 [Note] InnoDB: Buffer pool(s) load completed at 190411  5:31:40
2019-04-11T05:31:40.272479Z 0 [Warning] 'tables_priv' entry 'user mysql.session@localhost' ignored in --skip-name-resolve mode.
2019-04-11T05:31:40.272494Z 0 [Warning] 'tables_priv' entry 'sys_config mysql.sys@localhost' ignored in --skip-name-resolve mode.
2019-04-11T05:31:40.314114Z 0 [Note] Event Scheduler: Loaded 0 events
2019-04-11T05:31:40.319161Z 0 [Note] /usr/sbin/mysqld: ready for connections.
Version: '5.7.23'  socket: '/var/run/mysqld/mysqld.sock'  port: 3306  MySQL Community Server (GPL)
