2019-04-11 01:55:21,070 CRIT Supervisor running as root (no user in config file)
2019-04-11 01:55:21,071 INFO Included extra file "/etc/supervisor/conf.d/supervisord.conf" during parsing
2019-04-11 01:55:21,103 INFO RPC interface 'supervisor' initialized
2019-04-11 01:55:21,103 CRIT Server 'unix_http_server' running without any HTTP authentication checking
2019-04-11 01:55:21,105 INFO supervisord started with pid 1
2019-04-11 01:55:22,110 INFO spawned: 'varnishd' with pid 15
2019-04-11 01:55:22,116 INFO spawned: 'php-fpm' with pid 16
2019-04-11 01:55:22,125 INFO spawned: 'varnish-plugins-watcher' with pid 17
2019-04-11 01:55:22,146 INFO spawned: 'nginx' with pid 18
2019-04-11 01:55:22,238 INFO spawned: 'MailHog' with pid 19
2019-04-11 01:55:22,330 INFO spawned: 'mysql' with pid 20
2019-04-11 01:55:22,418 INFO spawned: 'varnish-themes-watcher' with pid 21
2019-04-11 01:55:24,036 INFO success: varnishd entered RUNNING state, process has stayed up for > than 1 seconds (startsecs)
2019-04-11 01:55:24,036 INFO success: php-fpm entered RUNNING state, process has stayed up for > than 1 seconds (startsecs)
2019-04-11 01:55:24,036 INFO success: varnish-plugins-watcher entered RUNNING state, process has stayed up for > than 1 seconds (startsecs)
2019-04-11 01:55:24,036 INFO success: nginx entered RUNNING state, process has stayed up for > than 1 seconds (startsecs)
2019-04-11 01:55:24,037 INFO success: MailHog entered RUNNING state, process has stayed up for > than 1 seconds (startsecs)
2019-04-11 01:55:24,037 INFO success: mysql entered RUNNING state, process has stayed up for > than 1 seconds (startsecs)
2019-04-11 01:55:24,037 INFO success: varnish-themes-watcher entered RUNNING state, process has stayed up for > than 1 seconds (startsecs)
2019-04-11 02:47:14,702 INFO exited: varnishd (exit status 0; expected)
2019-04-11 02:47:15,712 INFO spawned: 'varnishd' with pid 955
2019-04-11 02:47:16,715 INFO success: varnishd entered RUNNING state, process has stayed up for > than 1 seconds (startsecs)
2019-04-11 02:47:21,107 INFO exited: varnishd (exit status 0; expected)
2019-04-11 02:47:22,114 INFO spawned: 'varnishd' with pid 1189
2019-04-11 02:47:23,490 INFO success: varnishd entered RUNNING state, process has stayed up for > than 1 seconds (startsecs)
2019-04-11 04:57:54,816 WARN received SIGTERM indicating exit request
2019-04-11 04:57:54,821 INFO waiting for varnishd, php-fpm, varnish-plugins-watcher, nginx, MailHog, mysql, varnish-themes-watcher to die
2019-04-11 04:57:55,501 INFO stopped: varnish-themes-watcher (terminated by SIGTERM)
2019-04-11 04:57:55,561 INFO reaped unknown pid 7702
2019-04-11 04:57:55,828 INFO stopped: mysql (exit status 0)
2019-04-11 04:57:55,829 INFO stopped: MailHog (terminated by SIGTERM)
2019-04-11 04:57:55,837 INFO stopped: nginx (exit status 0)
2019-04-11 04:57:56,844 INFO stopped: varnish-plugins-watcher (terminated by SIGTERM)
2019-04-11 04:57:56,907 INFO stopped: php-fpm (exit status 0)
2019-04-11 04:57:57,311 INFO reaped unknown pid 29
2019-04-11 04:57:57,918 INFO waiting for varnishd to die
2019-04-11 04:57:58,005 INFO stopped: varnishd (exit status 0)
2019-04-11 05:03:11,317 CRIT Supervisor running as root (no user in config file)
2019-04-11 05:03:11,317 INFO Included extra file "/etc/supervisor/conf.d/supervisord.conf" during parsing
2019-04-11 05:03:11,358 INFO RPC interface 'supervisor' initialized
2019-04-11 05:03:11,364 CRIT Server 'unix_http_server' running without any HTTP authentication checking
2019-04-11 05:03:11,365 INFO supervisord started with pid 1
2019-04-11 05:03:12,426 INFO spawned: 'varnishd' with pid 50
2019-04-11 05:03:12,464 INFO spawned: 'php-fpm' with pid 51
2019-04-11 05:03:12,607 INFO spawned: 'varnish-plugins-watcher' with pid 54
2019-04-11 05:03:12,662 INFO spawned: 'nginx' with pid 56
2019-04-11 05:03:12,730 INFO spawned: 'MailHog' with pid 58
2019-04-11 05:03:12,843 INFO spawned: 'mysql' with pid 63
2019-04-11 05:03:12,881 INFO spawned: 'varnish-themes-watcher' with pid 65
2019-04-11 05:03:13,949 INFO success: varnishd entered RUNNING state, process has stayed up for > than 1 seconds (startsecs)
2019-04-11 05:03:13,949 INFO success: php-fpm entered RUNNING state, process has stayed up for > than 1 seconds (startsecs)
2019-04-11 05:03:13,950 INFO success: varnish-plugins-watcher entered RUNNING state, process has stayed up for > than 1 seconds (startsecs)
2019-04-11 05:03:13,950 INFO success: nginx entered RUNNING state, process has stayed up for > than 1 seconds (startsecs)
2019-04-11 05:03:13,950 INFO success: MailHog entered RUNNING state, process has stayed up for > than 1 seconds (startsecs)
2019-04-11 05:03:13,950 INFO success: mysql entered RUNNING state, process has stayed up for > than 1 seconds (startsecs)
2019-04-11 05:03:13,950 INFO success: varnish-themes-watcher entered RUNNING state, process has stayed up for > than 1 seconds (startsecs)
2019-04-11 05:03:21,366 INFO exited: varnishd (exit status 0; expected)
2019-04-11 05:03:22,373 INFO spawned: 'varnishd' with pid 357
2019-04-11 05:03:23,954 INFO success: varnishd entered RUNNING state, process has stayed up for > than 1 seconds (startsecs)
2019-04-11 05:05:54,054 INFO reaped unknown pid 723
2019-04-11 05:05:54,064 INFO reaped unknown pid 726
2019-04-11 05:05:54,070 INFO reaped unknown pid 729
2019-04-11 05:05:54,096 INFO reaped unknown pid 732
2019-04-11 05:05:54,123 INFO reaped unknown pid 735
2019-04-11 05:05:54,128 INFO reaped unknown pid 738
2019-04-11 05:05:54,150 INFO reaped unknown pid 741
2019-04-11 05:05:54,172 INFO reaped unknown pid 744
2019-04-11 05:05:54,196 INFO reaped unknown pid 747
2019-04-11 05:05:54,209 INFO reaped unknown pid 750
2019-04-11 05:05:54,231 INFO reaped unknown pid 753
2019-04-11 05:05:54,251 INFO reaped unknown pid 756
2019-04-11 05:05:54,272 INFO reaped unknown pid 759
2019-04-11 05:05:54,293 INFO reaped unknown pid 762
2019-04-11 05:05:54,317 INFO reaped unknown pid 765
2019-04-11 05:05:54,339 INFO reaped unknown pid 768
2019-04-11 05:05:54,354 INFO reaped unknown pid 771
2019-04-11 05:05:54,372 INFO reaped unknown pid 774
2019-04-11 05:05:54,389 INFO reaped unknown pid 777
2019-04-11 05:05:54,401 INFO reaped unknown pid 780
2019-04-11 05:05:54,424 INFO reaped unknown pid 783
2019-04-11 05:05:54,444 INFO reaped unknown pid 786
2019-04-11 05:05:54,473 INFO reaped unknown pid 789
2019-04-11 05:05:54,491 INFO reaped unknown pid 792
2019-04-11 05:05:54,505 INFO reaped unknown pid 795
2019-04-11 05:05:54,521 INFO reaped unknown pid 798
2019-04-11 05:05:54,531 INFO reaped unknown pid 801
2019-04-11 05:05:54,547 INFO reaped unknown pid 804
2019-04-11 05:05:54,561 INFO reaped unknown pid 807
2019-04-11 05:05:54,575 INFO reaped unknown pid 810
2019-04-11 05:05:54,590 INFO reaped unknown pid 813
2019-04-11 05:05:54,604 INFO reaped unknown pid 816
2019-04-11 05:05:54,624 INFO reaped unknown pid 819
2019-04-11 05:05:54,636 INFO reaped unknown pid 822
2019-04-11 05:05:54,649 INFO reaped unknown pid 825
2019-04-11 05:05:54,667 INFO reaped unknown pid 828
2019-04-11 05:05:54,685 INFO reaped unknown pid 831
2019-04-11 05:05:54,697 INFO reaped unknown pid 834
2019-04-11 05:05:54,711 INFO reaped unknown pid 837
2019-04-11 05:05:54,732 INFO reaped unknown pid 840
2019-04-11 05:05:54,748 INFO reaped unknown pid 843
2019-04-11 05:05:54,768 INFO reaped unknown pid 846
2019-04-11 05:05:54,775 INFO reaped unknown pid 849
2019-04-11 05:05:54,800 INFO reaped unknown pid 852
2019-04-11 05:05:54,812 INFO reaped unknown pid 855
2019-04-11 05:05:54,837 INFO reaped unknown pid 858
2019-04-11 05:05:54,851 INFO reaped unknown pid 861
2019-04-11 05:05:54,865 INFO reaped unknown pid 864
2019-04-11 05:05:54,885 INFO reaped unknown pid 867
2019-04-11 05:05:54,898 INFO reaped unknown pid 870
2019-04-11 05:05:54,907 INFO reaped unknown pid 873
2019-04-11 05:05:54,924 INFO reaped unknown pid 876
2019-04-11 05:05:54,948 INFO reaped unknown pid 879
2019-04-11 05:05:54,974 INFO reaped unknown pid 882
2019-04-11 05:05:54,992 INFO reaped unknown pid 885
2019-04-11 05:05:55,008 INFO reaped unknown pid 888
2019-04-11 05:05:55,036 INFO reaped unknown pid 891
2019-04-11 05:05:55,046 INFO reaped unknown pid 894
2019-04-11 05:05:55,087 INFO reaped unknown pid 897
2019-04-11 05:05:55,092 INFO reaped unknown pid 902
2019-04-11 05:05:55,100 INFO reaped unknown pid 905
2019-04-11 05:05:55,114 INFO reaped unknown pid 908
2019-04-11 05:05:55,135 INFO reaped unknown pid 913
2019-04-11 05:05:55,159 INFO reaped unknown pid 916
2019-04-11 05:05:55,170 INFO reaped unknown pid 919
2019-04-11 05:05:55,185 INFO reaped unknown pid 922
2019-04-11 05:05:55,220 INFO reaped unknown pid 925
2019-04-11 05:05:55,238 INFO reaped unknown pid 928
2019-04-11 05:05:55,254 INFO reaped unknown pid 931
2019-04-11 05:05:55,269 INFO reaped unknown pid 934
2019-04-11 05:05:55,292 INFO reaped unknown pid 937
2019-04-11 05:05:55,316 INFO reaped unknown pid 940
2019-04-11 05:05:55,347 INFO reaped unknown pid 943
2019-04-11 05:05:55,371 INFO reaped unknown pid 946
2019-04-11 05:05:55,399 INFO reaped unknown pid 949
2019-04-11 05:05:55,430 INFO reaped unknown pid 952
2019-04-11 05:05:55,450 INFO reaped unknown pid 955
2019-04-11 05:05:55,471 INFO reaped unknown pid 958
2019-04-11 05:05:55,484 INFO reaped unknown pid 961
2019-04-11 05:05:55,516 INFO reaped unknown pid 964
2019-04-11 05:05:55,541 INFO reaped unknown pid 967
2019-04-11 05:05:55,572 INFO reaped unknown pid 970
2019-04-11 05:05:55,591 INFO reaped unknown pid 973
2019-04-11 05:05:55,627 INFO reaped unknown pid 976
2019-04-11 05:05:55,649 INFO reaped unknown pid 979
2019-04-11 05:05:55,672 INFO reaped unknown pid 982
2019-04-11 05:05:55,694 INFO reaped unknown pid 985
2019-04-11 05:05:55,719 INFO reaped unknown pid 988
2019-04-11 05:05:55,742 INFO reaped unknown pid 991
2019-04-11 05:05:55,754 INFO reaped unknown pid 994
2019-04-11 05:05:55,773 INFO reaped unknown pid 997
2019-04-11 05:05:55,796 INFO reaped unknown pid 1000
2019-04-11 05:05:55,812 INFO reaped unknown pid 1003
2019-04-11 05:05:55,829 INFO reaped unknown pid 1006
2019-04-11 05:05:55,843 INFO reaped unknown pid 1009
2019-04-11 05:05:55,854 INFO reaped unknown pid 1012
2019-04-11 05:05:55,876 INFO reaped unknown pid 1015
2019-04-11 05:05:55,891 INFO reaped unknown pid 1018
2019-04-11 05:05:55,905 INFO reaped unknown pid 1021
2019-04-11 05:05:55,927 INFO reaped unknown pid 1024
2019-04-11 05:05:55,943 INFO reaped unknown pid 1027
2019-04-11 05:05:55,954 INFO reaped unknown pid 1030
2019-04-11 05:05:55,976 INFO reaped unknown pid 1033
2019-04-11 05:05:55,988 INFO reaped unknown pid 1036
2019-04-11 05:05:56,006 INFO reaped unknown pid 1039
2019-04-11 05:05:56,024 INFO reaped unknown pid 1042
2019-04-11 05:05:56,042 INFO reaped unknown pid 1045
2019-04-11 05:05:56,056 INFO reaped unknown pid 1048
2019-04-11 05:05:56,079 INFO reaped unknown pid 1051
2019-04-11 05:05:56,091 INFO reaped unknown pid 1054
2019-04-11 05:05:56,115 INFO reaped unknown pid 1057
2019-04-11 05:05:56,135 INFO reaped unknown pid 1060
2019-04-11 05:05:56,152 INFO reaped unknown pid 1063
2019-04-11 05:05:56,167 INFO reaped unknown pid 1066
2019-04-11 05:05:56,180 INFO reaped unknown pid 1069
2019-04-11 05:05:56,227 INFO reaped unknown pid 1072
2019-04-11 05:05:56,242 INFO reaped unknown pid 1075
2019-04-11 05:05:56,265 INFO reaped unknown pid 1078
2019-04-11 05:05:56,285 INFO reaped unknown pid 1081
2019-04-11 05:05:56,327 INFO reaped unknown pid 1084
2019-04-11 05:05:56,409 INFO reaped unknown pid 1087
2019-04-11 05:05:56,440 INFO reaped unknown pid 1090
2019-04-11 05:05:56,458 INFO reaped unknown pid 1093
2019-04-11 05:05:56,502 INFO reaped unknown pid 1099
2019-04-11 05:05:56,534 INFO reaped unknown pid 1096
2019-04-11 05:05:56,535 INFO reaped unknown pid 1102
2019-04-11 05:05:56,558 INFO reaped unknown pid 1105
2019-04-11 05:05:56,573 INFO reaped unknown pid 1108
2019-04-11 05:05:56,588 INFO reaped unknown pid 1111
2019-04-11 05:05:56,620 INFO reaped unknown pid 1114
2019-04-11 05:05:56,647 INFO reaped unknown pid 1117
2019-04-11 05:05:56,667 INFO reaped unknown pid 1120
2019-04-11 05:05:56,685 INFO reaped unknown pid 1123
2019-04-11 05:05:56,718 INFO reaped unknown pid 1126
2019-04-11 05:05:56,737 INFO reaped unknown pid 1129
2019-04-11 05:05:56,752 INFO reaped unknown pid 1132
2019-04-11 05:05:56,768 INFO reaped unknown pid 1135
2019-04-11 05:05:56,784 INFO reaped unknown pid 1138
2019-04-11 05:05:56,796 INFO reaped unknown pid 1141
2019-04-11 05:05:56,807 INFO reaped unknown pid 1144
2019-04-11 05:05:56,824 INFO reaped unknown pid 1147
2019-04-11 05:05:56,839 INFO reaped unknown pid 1150
2019-04-11 05:05:56,849 INFO reaped unknown pid 1153
2019-04-11 05:05:56,868 INFO reaped unknown pid 1156
2019-04-11 05:05:56,891 INFO reaped unknown pid 1159
2019-04-11 05:05:56,905 INFO reaped unknown pid 1162
2019-04-11 05:05:56,925 INFO reaped unknown pid 1165
2019-04-11 05:05:56,941 INFO reaped unknown pid 1168
2019-04-11 05:05:56,956 INFO reaped unknown pid 1171
2019-04-11 05:05:56,971 INFO reaped unknown pid 1174
2019-04-11 05:05:57,002 INFO reaped unknown pid 1177
2019-04-11 05:05:57,025 INFO reaped unknown pid 1180
2019-04-11 05:05:57,040 INFO reaped unknown pid 1183
2019-04-11 05:05:57,056 INFO reaped unknown pid 1186
2019-04-11 05:05:57,070 INFO reaped unknown pid 1189
2019-04-11 05:05:57,106 INFO reaped unknown pid 1192
2019-04-11 05:05:57,127 INFO reaped unknown pid 1195
2019-04-11 05:05:57,142 INFO reaped unknown pid 1198
2019-04-11 05:05:57,153 INFO reaped unknown pid 1201
2019-04-11 05:05:57,177 INFO reaped unknown pid 1204
2019-04-11 05:05:57,202 INFO reaped unknown pid 1207
2019-04-11 05:05:57,215 INFO reaped unknown pid 1210
2019-04-11 05:05:57,233 INFO reaped unknown pid 1213
2019-04-11 05:05:57,253 INFO reaped unknown pid 1216
2019-04-11 05:05:57,278 INFO reaped unknown pid 1219
2019-04-11 05:05:57,292 INFO reaped unknown pid 1222
2019-04-11 05:05:57,305 INFO reaped unknown pid 1225
2019-04-11 05:05:57,331 INFO reaped unknown pid 1228
2019-04-11 05:05:57,350 INFO reaped unknown pid 1231
2019-04-11 05:05:57,382 INFO reaped unknown pid 1234
2019-04-11 05:05:57,401 INFO reaped unknown pid 1237
2019-04-11 05:05:57,428 INFO reaped unknown pid 1240
2019-04-11 05:05:57,458 INFO reaped unknown pid 1243
2019-04-11 05:05:57,494 INFO reaped unknown pid 1246
2019-04-11 05:05:57,514 INFO reaped unknown pid 1249
2019-04-11 05:05:57,544 INFO reaped unknown pid 1252
2019-04-11 05:05:57,580 INFO reaped unknown pid 1255
2019-04-11 05:05:57,612 INFO reaped unknown pid 1258
2019-04-11 05:05:57,624 INFO reaped unknown pid 1261
2019-04-11 05:05:57,645 INFO reaped unknown pid 1264
2019-04-11 05:05:57,661 INFO reaped unknown pid 1267
2019-04-11 05:05:57,681 INFO reaped unknown pid 1270
2019-04-11 05:05:57,697 INFO reaped unknown pid 1273
2019-04-11 05:05:57,712 INFO reaped unknown pid 1276
2019-04-11 05:05:57,738 INFO reaped unknown pid 1279
2019-04-11 05:05:57,749 INFO reaped unknown pid 1282
2019-04-11 05:05:57,784 INFO reaped unknown pid 1285
2019-04-11 05:05:57,804 INFO reaped unknown pid 1288
2019-04-11 05:05:57,823 INFO reaped unknown pid 1291
2019-04-11 05:05:57,833 INFO reaped unknown pid 1294
2019-04-11 05:05:57,850 INFO reaped unknown pid 1297
2019-04-11 05:05:57,865 INFO reaped unknown pid 1300
2019-04-11 05:05:57,876 INFO reaped unknown pid 1303
2019-04-11 05:05:57,895 INFO reaped unknown pid 1306
2019-04-11 05:05:57,905 INFO reaped unknown pid 1309
2019-04-11 05:05:57,923 INFO reaped unknown pid 1312
2019-04-11 05:05:57,940 INFO reaped unknown pid 1315
2019-04-11 05:05:57,948 INFO reaped unknown pid 1318
2019-04-11 05:05:57,965 INFO reaped unknown pid 1321
2019-04-11 05:05:57,974 INFO reaped unknown pid 1324
2019-04-11 05:05:57,988 INFO reaped unknown pid 1327
2019-04-11 05:05:57,997 INFO reaped unknown pid 1330
2019-04-11 05:05:58,009 INFO reaped unknown pid 1333
2019-04-11 05:05:58,021 INFO reaped unknown pid 1336
2019-04-11 05:05:58,030 INFO reaped unknown pid 1339
2019-04-11 05:05:58,041 INFO reaped unknown pid 1342
2019-04-11 05:05:58,056 INFO reaped unknown pid 1345
2019-04-11 05:05:58,068 INFO reaped unknown pid 1348
2019-04-11 05:05:58,079 INFO reaped unknown pid 1351
2019-04-11 05:05:58,089 INFO reaped unknown pid 1354
2019-04-11 05:05:58,098 INFO reaped unknown pid 1357
2019-04-11 05:05:58,107 INFO reaped unknown pid 1360
2019-04-11 05:05:58,111 INFO reaped unknown pid 1363
2019-04-11 05:05:58,128 INFO reaped unknown pid 1366
2019-04-11 05:05:58,135 INFO reaped unknown pid 1369
2019-04-11 05:05:58,145 INFO reaped unknown pid 1372
2019-04-11 05:05:58,151 INFO reaped unknown pid 1375
2019-04-11 05:05:58,160 INFO reaped unknown pid 1378
2019-04-11 05:05:58,177 INFO reaped unknown pid 1381
2019-04-11 05:05:58,185 INFO reaped unknown pid 1384
2019-04-11 05:05:58,194 INFO reaped unknown pid 1387
2019-04-11 05:05:58,204 INFO reaped unknown pid 1390
2019-04-11 05:05:58,211 INFO reaped unknown pid 1393
2019-04-11 05:05:58,241 INFO reaped unknown pid 1396
2019-04-11 05:05:58,270 INFO reaped unknown pid 1399
2019-04-11 05:05:58,300 INFO reaped unknown pid 1402
2019-04-11 05:05:58,341 INFO reaped unknown pid 1405
2019-04-11 05:05:58,359 INFO reaped unknown pid 1408
2019-04-11 05:05:58,420 INFO reaped unknown pid 1413
2019-04-11 05:05:58,437 INFO reaped unknown pid 1416
2019-04-11 05:05:58,446 INFO reaped unknown pid 1419
2019-04-11 05:05:58,456 INFO reaped unknown pid 1422
2019-04-11 05:05:58,467 INFO reaped unknown pid 1425
2019-04-11 05:05:58,481 INFO reaped unknown pid 1428
2019-04-11 05:05:58,491 INFO reaped unknown pid 1431
2019-04-11 05:05:58,502 INFO reaped unknown pid 1434
2019-04-11 05:05:58,517 INFO reaped unknown pid 1437
2019-04-11 05:05:58,530 INFO reaped unknown pid 1440
2019-04-11 05:05:58,549 INFO reaped unknown pid 1443
2019-04-11 05:05:58,571 INFO reaped unknown pid 1446
2019-04-11 05:05:58,595 INFO reaped unknown pid 1449
2019-04-11 05:05:58,613 INFO reaped unknown pid 1452
2019-04-11 05:05:58,633 INFO reaped unknown pid 1455
2019-04-11 05:05:58,647 INFO reaped unknown pid 1458
2019-04-11 05:05:58,671 INFO reaped unknown pid 1461
2019-04-11 05:05:58,692 INFO reaped unknown pid 1464
2019-04-11 05:05:58,706 INFO reaped unknown pid 1467
2019-04-11 05:05:58,718 INFO reaped unknown pid 1470
2019-04-11 05:05:58,744 INFO reaped unknown pid 1473
2019-04-11 05:05:58,767 INFO reaped unknown pid 1476
2019-04-11 05:05:58,788 INFO reaped unknown pid 1479
2019-04-11 05:05:58,809 INFO reaped unknown pid 1482
2019-04-11 05:05:58,830 INFO reaped unknown pid 1485
2019-04-11 05:05:58,853 INFO reaped unknown pid 1488
2019-04-11 05:05:58,868 INFO reaped unknown pid 1491
2019-04-11 05:05:58,893 INFO reaped unknown pid 1494
2019-04-11 05:05:58,896 INFO reaped unknown pid 1497
2019-04-11 05:05:58,901 INFO reaped unknown pid 1500
2019-04-11 05:05:58,905 INFO reaped unknown pid 1503
2019-04-11 05:05:58,911 INFO reaped unknown pid 1506
2019-04-11 05:05:58,919 INFO reaped unknown pid 1509
2019-04-11 05:05:58,923 INFO reaped unknown pid 1512
2019-04-11 05:05:58,929 INFO reaped unknown pid 1515
2019-04-11 05:05:58,934 INFO reaped unknown pid 1518
2019-04-11 05:05:58,937 INFO reaped unknown pid 1521
2019-04-11 05:05:58,943 INFO reaped unknown pid 1524
2019-04-11 05:05:58,947 INFO reaped unknown pid 1527
2019-04-11 05:05:58,951 INFO reaped unknown pid 1530
2019-04-11 05:05:58,959 INFO reaped unknown pid 1533
2019-04-11 05:05:58,976 INFO reaped unknown pid 1536
2019-04-11 05:05:59,011 INFO reaped unknown pid 1539
2019-04-11 05:05:59,034 INFO reaped unknown pid 1542
2019-04-11 05:05:59,045 INFO reaped unknown pid 1545
2019-04-11 05:05:59,066 INFO reaped unknown pid 1548
2019-04-11 05:05:59,087 INFO reaped unknown pid 1551
2019-04-11 05:05:59,094 INFO reaped unknown pid 1554
2019-04-11 05:05:59,099 INFO reaped unknown pid 1557
2019-04-11 05:05:59,102 INFO reaped unknown pid 1560
2019-04-11 05:05:59,108 INFO reaped unknown pid 1563
2019-04-11 05:05:59,112 INFO reaped unknown pid 1566
2019-04-11 05:05:59,119 INFO reaped unknown pid 1569
2019-04-11 05:05:59,124 INFO reaped unknown pid 1572
2019-04-11 05:05:59,131 INFO reaped unknown pid 1575
2019-04-11 05:05:59,135 INFO reaped unknown pid 1578
2019-04-11 05:05:59,141 INFO reaped unknown pid 1581
2019-04-11 05:05:59,149 INFO reaped unknown pid 1584
2019-04-11 05:05:59,152 INFO reaped unknown pid 1587
2019-04-11 05:05:59,160 INFO reaped unknown pid 1590
2019-04-11 05:05:59,175 INFO reaped unknown pid 1593
2019-04-11 05:05:59,187 INFO reaped unknown pid 1596
2019-04-11 05:05:59,193 INFO reaped unknown pid 1599
2019-04-11 05:05:59,198 INFO reaped unknown pid 1602
2019-04-11 05:05:59,207 INFO reaped unknown pid 1605
2019-04-11 05:05:59,208 INFO reaped unknown pid 1608
2019-04-11 05:05:59,217 INFO reaped unknown pid 1611
2019-04-11 05:05:59,223 INFO reaped unknown pid 1614
2019-04-11 05:05:59,232 INFO reaped unknown pid 1617
2019-04-11 05:05:59,236 INFO reaped unknown pid 1620
2019-04-11 05:05:59,242 INFO reaped unknown pid 1623
2019-04-11 05:05:59,253 INFO reaped unknown pid 1626
2019-04-11 05:05:59,256 INFO reaped unknown pid 1629
2019-04-11 05:05:59,265 INFO reaped unknown pid 1632
2019-04-11 05:05:59,271 INFO reaped unknown pid 1635
2019-04-11 05:05:59,280 INFO reaped unknown pid 1638
2019-04-11 05:05:59,284 INFO reaped unknown pid 1641
2019-04-11 05:05:59,290 INFO reaped unknown pid 1644
2019-04-11 05:05:59,299 INFO reaped unknown pid 1647
2019-04-11 05:05:59,308 INFO reaped unknown pid 1650
2019-04-11 05:05:59,315 INFO reaped unknown pid 1653
2019-04-11 05:05:59,328 INFO reaped unknown pid 1656
2019-04-11 05:05:59,328 INFO reaped unknown pid 1659
2019-04-11 05:05:59,333 INFO reaped unknown pid 1662
2019-04-11 05:05:59,338 INFO reaped unknown pid 1665
2019-04-11 05:05:59,344 INFO reaped unknown pid 1668
2019-04-11 05:05:59,348 INFO reaped unknown pid 1671
2019-04-11 05:05:59,353 INFO reaped unknown pid 1674
2019-04-11 05:05:59,360 INFO reaped unknown pid 1677
2019-04-11 05:05:59,371 INFO reaped unknown pid 1680
2019-04-11 05:05:59,391 INFO reaped unknown pid 1683
2019-04-11 05:05:59,391 INFO reaped unknown pid 1686
2019-04-11 05:05:59,399 INFO reaped unknown pid 1689
2019-04-11 05:05:59,404 INFO reaped unknown pid 1692
2019-04-11 05:05:59,408 INFO reaped unknown pid 1695
2019-04-11 05:05:59,415 INFO reaped unknown pid 1698
2019-04-11 05:05:59,422 INFO reaped unknown pid 1701
2019-04-11 05:05:59,427 INFO reaped unknown pid 1704
2019-04-11 05:05:59,434 INFO reaped unknown pid 1707
2019-04-11 05:05:59,441 INFO reaped unknown pid 1710
2019-04-11 05:05:59,445 INFO reaped unknown pid 1713
2019-04-11 05:05:59,455 INFO reaped unknown pid 1716
2019-04-11 05:05:59,460 INFO reaped unknown pid 1719
2019-04-11 05:05:59,463 INFO reaped unknown pid 1722
2019-04-11 05:05:59,471 INFO reaped unknown pid 1725
2019-04-11 05:05:59,475 INFO reaped unknown pid 1728
2019-04-11 05:05:59,480 INFO reaped unknown pid 1731
2019-04-11 05:05:59,486 INFO reaped unknown pid 1734
2019-04-11 05:05:59,491 INFO reaped unknown pid 1737
2019-04-11 05:05:59,494 INFO reaped unknown pid 1740
2019-04-11 05:05:59,499 INFO reaped unknown pid 1743
2019-04-11 05:05:59,504 INFO reaped unknown pid 1746
2019-04-11 05:05:59,508 INFO reaped unknown pid 1749
2019-04-11 05:05:59,518 INFO reaped unknown pid 1752
2019-04-11 05:05:59,523 INFO reaped unknown pid 1755
2019-04-11 05:05:59,527 INFO reaped unknown pid 1758
2019-04-11 05:05:59,531 INFO reaped unknown pid 1761
2019-04-11 05:05:59,535 INFO reaped unknown pid 1764
2019-04-11 05:05:59,542 INFO reaped unknown pid 1767
2019-04-11 05:05:59,551 INFO reaped unknown pid 1770
2019-04-11 05:05:59,561 INFO reaped unknown pid 1773
2019-04-11 05:05:59,562 INFO reaped unknown pid 1776
2019-04-11 05:05:59,573 INFO reaped unknown pid 1779
2019-04-11 05:05:59,579 INFO reaped unknown pid 1782
2019-04-11 05:05:59,586 INFO reaped unknown pid 1785
2019-04-11 05:05:59,591 INFO reaped unknown pid 1788
2019-04-11 05:05:59,595 INFO reaped unknown pid 1791
2019-04-11 05:05:59,598 INFO reaped unknown pid 1794
2019-04-11 05:05:59,603 INFO reaped unknown pid 1797
2019-04-11 05:05:59,607 INFO reaped unknown pid 1800
2019-04-11 05:05:59,611 INFO reaped unknown pid 1803
2019-04-11 05:05:59,618 INFO reaped unknown pid 1806
2019-04-11 05:05:59,627 INFO reaped unknown pid 1809
2019-04-11 05:05:59,631 INFO reaped unknown pid 1812
2019-04-11 05:05:59,641 INFO reaped unknown pid 1815
2019-04-11 05:05:59,643 INFO reaped unknown pid 1818
2019-04-11 05:05:59,650 INFO reaped unknown pid 1821
2019-04-11 05:05:59,651 INFO reaped unknown pid 1824
2019-04-11 05:05:59,657 INFO reaped unknown pid 1827
2019-04-11 05:05:59,662 INFO reaped unknown pid 1830
2019-04-11 05:05:59,668 INFO reaped unknown pid 1833
2019-04-11 05:05:59,673 INFO reaped unknown pid 1836
2019-04-11 05:05:59,678 INFO reaped unknown pid 1839
2019-04-11 05:05:59,683 INFO reaped unknown pid 1842
2019-04-11 05:05:59,687 INFO reaped unknown pid 1845
2019-04-11 05:05:59,691 INFO reaped unknown pid 1848
2019-04-11 05:05:59,695 INFO reaped unknown pid 1851
2019-04-11 05:05:59,702 INFO reaped unknown pid 1854
2019-04-11 05:05:59,711 INFO reaped unknown pid 1857
2019-04-11 05:05:59,721 INFO reaped unknown pid 1860
2019-04-11 05:05:59,729 INFO reaped unknown pid 1863
2019-04-11 05:05:59,741 INFO reaped unknown pid 1866
2019-04-11 05:05:59,745 INFO reaped unknown pid 1869
2019-04-11 05:05:59,751 INFO reaped unknown pid 1872
2019-04-11 05:05:59,756 INFO reaped unknown pid 1875
2019-04-11 05:05:59,772 INFO reaped unknown pid 1878
2019-04-11 05:05:59,782 INFO reaped unknown pid 1881
2019-04-11 05:05:59,806 INFO reaped unknown pid 1884
2019-04-11 05:05:59,813 INFO reaped unknown pid 1887
2019-04-11 05:05:59,821 INFO reaped unknown pid 1890
2019-04-11 05:05:59,828 INFO reaped unknown pid 1893
2019-04-11 05:05:59,835 INFO reaped unknown pid 1896
2019-04-11 05:05:59,839 INFO reaped unknown pid 1899
2019-04-11 05:05:59,843 INFO reaped unknown pid 1902
2019-04-11 05:05:59,851 INFO reaped unknown pid 1905
2019-04-11 05:05:59,854 INFO reaped unknown pid 1908
2019-04-11 05:05:59,857 INFO reaped unknown pid 1911
2019-04-11 05:05:59,864 INFO reaped unknown pid 1914
2019-04-11 05:05:59,871 INFO reaped unknown pid 1917
2019-04-11 05:05:59,876 INFO reaped unknown pid 1920
2019-04-11 05:05:59,882 INFO reaped unknown pid 1923
2019-04-11 05:05:59,886 INFO reaped unknown pid 1926
2019-04-11 05:05:59,892 INFO reaped unknown pid 1929
2019-04-11 05:05:59,895 INFO reaped unknown pid 1932
2019-04-11 05:05:59,900 INFO reaped unknown pid 1935
2019-04-11 05:05:59,905 INFO reaped unknown pid 1938
2019-04-11 05:05:59,911 INFO reaped unknown pid 1941
2019-04-11 05:05:59,917 INFO reaped unknown pid 1944
2019-04-11 05:05:59,925 INFO reaped unknown pid 1947
2019-04-11 05:05:59,930 INFO reaped unknown pid 1950
2019-04-11 05:05:59,935 INFO reaped unknown pid 1953
2019-04-11 05:05:59,939 INFO reaped unknown pid 1956
2019-04-11 05:05:59,945 INFO reaped unknown pid 1959
2019-04-11 05:05:59,948 INFO reaped unknown pid 1962
2019-04-11 05:05:59,956 INFO reaped unknown pid 1965
2019-04-11 05:05:59,961 INFO reaped unknown pid 1968
2019-04-11 05:05:59,968 INFO reaped unknown pid 1971
2019-04-11 05:05:59,975 INFO reaped unknown pid 1974
2019-04-11 05:05:59,980 INFO reaped unknown pid 1977
2019-04-11 05:05:59,985 INFO reaped unknown pid 1980
2019-04-11 05:05:59,992 INFO reaped unknown pid 1983
2019-04-11 05:05:59,996 INFO reaped unknown pid 1986
2019-04-11 05:06:00,001 INFO reaped unknown pid 1989
2019-04-11 05:06:00,006 INFO reaped unknown pid 1992
2019-04-11 05:06:00,015 INFO reaped unknown pid 1995
2019-04-11 05:06:00,019 INFO reaped unknown pid 1998
2019-04-11 05:06:00,031 INFO reaped unknown pid 2001
2019-04-11 05:06:00,037 INFO reaped unknown pid 2004
2019-04-11 05:06:00,043 INFO reaped unknown pid 2007
2019-04-11 05:06:00,051 INFO reaped unknown pid 2010
2019-04-11 05:06:00,055 INFO reaped unknown pid 2013
2019-04-11 05:06:00,059 INFO reaped unknown pid 2016
2019-04-11 05:06:00,064 INFO reaped unknown pid 2019
2019-04-11 05:06:00,073 INFO reaped unknown pid 2022
2019-04-11 05:06:00,079 INFO reaped unknown pid 2025
2019-04-11 05:06:00,084 INFO reaped unknown pid 2028
2019-04-11 05:06:00,087 INFO reaped unknown pid 2031
2019-04-11 05:06:00,098 INFO reaped unknown pid 2035
2019-04-11 05:06:00,109 INFO reaped unknown pid 2039
2019-04-11 05:06:00,130 INFO reaped unknown pid 2046
2019-04-11 05:06:00,135 INFO reaped unknown pid 2042
2019-04-11 05:06:00,138 INFO reaped unknown pid 2050
2019-04-11 05:06:00,150 INFO reaped unknown pid 2053
2019-04-11 05:06:00,160 INFO reaped unknown pid 2056
2019-04-11 05:06:00,170 INFO reaped unknown pid 2059
2019-04-11 05:06:00,178 INFO reaped unknown pid 2062
2019-04-11 05:06:00,184 INFO reaped unknown pid 2065
2019-04-11 05:06:00,191 INFO reaped unknown pid 2068
2019-04-11 05:06:00,195 INFO reaped unknown pid 2071
2019-04-11 05:06:00,200 INFO reaped unknown pid 2074
2019-04-11 05:06:00,204 INFO reaped unknown pid 2077
2019-04-11 05:06:00,211 INFO reaped unknown pid 2080
2019-04-11 05:06:00,215 INFO reaped unknown pid 2083
2019-04-11 05:06:00,220 INFO reaped unknown pid 2086
2019-04-11 05:06:00,227 INFO reaped unknown pid 2089
2019-04-11 05:06:00,236 INFO reaped unknown pid 2092
2019-04-11 05:06:00,245 INFO reaped unknown pid 2095
2019-04-11 05:06:00,251 INFO reaped unknown pid 2098
2019-04-11 05:06:00,252 INFO reaped unknown pid 2101
2019-04-11 05:06:00,257 INFO reaped unknown pid 2104
2019-04-11 05:06:00,261 INFO reaped unknown pid 2107
2019-04-11 05:06:00,269 INFO reaped unknown pid 2110
2019-04-11 05:06:00,274 INFO reaped unknown pid 2113
2019-04-11 05:06:00,279 INFO reaped unknown pid 2116
2019-04-11 05:06:00,282 INFO reaped unknown pid 2119
2019-04-11 05:06:00,289 INFO reaped unknown pid 2122
2019-04-11 05:06:00,293 INFO reaped unknown pid 2125
2019-04-11 05:06:00,304 INFO reaped unknown pid 2128
2019-04-11 05:06:00,328 INFO reaped unknown pid 2131
2019-04-11 05:06:00,330 INFO reaped unknown pid 2134
2019-04-11 05:06:00,336 INFO reaped unknown pid 2137
2019-04-11 05:06:00,339 INFO reaped unknown pid 2140
2019-04-11 05:06:00,347 INFO reaped unknown pid 2143
2019-04-11 05:06:00,349 INFO reaped unknown pid 2146
2019-04-11 05:06:00,354 INFO reaped unknown pid 2149
2019-04-11 05:06:00,359 INFO reaped unknown pid 2152
2019-04-11 05:06:00,366 INFO reaped unknown pid 2155
2019-04-11 05:06:00,376 INFO reaped unknown pid 2158
2019-04-11 05:06:00,382 INFO reaped unknown pid 2161
2019-04-11 05:06:00,388 INFO reaped unknown pid 2164
2019-04-11 05:06:00,393 INFO reaped unknown pid 2167
2019-04-11 05:06:00,396 INFO reaped unknown pid 2170
2019-04-11 05:06:00,401 INFO reaped unknown pid 2173
2019-04-11 05:06:00,406 INFO reaped unknown pid 2176
2019-04-11 05:06:00,410 INFO reaped unknown pid 2179
2019-04-11 05:06:00,418 INFO reaped unknown pid 2182
2019-04-11 05:06:00,425 INFO reaped unknown pid 2185
2019-04-11 05:06:00,431 INFO reaped unknown pid 2188
2019-04-11 05:06:00,437 INFO reaped unknown pid 2191
2019-04-11 05:06:00,441 INFO reaped unknown pid 2194
2019-04-11 05:06:00,448 INFO reaped unknown pid 2197
2019-04-11 05:06:00,452 INFO reaped unknown pid 2200
2019-04-11 05:06:00,456 INFO reaped unknown pid 2203
2019-04-11 05:06:00,462 INFO reaped unknown pid 2206
2019-04-11 05:06:00,467 INFO reaped unknown pid 2209
2019-04-11 05:06:00,476 INFO reaped unknown pid 2212
2019-04-11 05:06:00,480 INFO reaped unknown pid 2215
2019-04-11 05:06:00,485 INFO reaped unknown pid 2218
2019-04-11 05:06:00,491 INFO reaped unknown pid 2221
2019-04-11 05:06:00,495 INFO reaped unknown pid 2224
2019-04-11 05:06:00,500 INFO reaped unknown pid 2227
2019-04-11 05:06:00,505 INFO reaped unknown pid 2230
2019-04-11 05:06:00,510 INFO reaped unknown pid 2233
2019-04-11 05:06:00,520 INFO reaped unknown pid 2236
2019-04-11 05:06:00,524 INFO reaped unknown pid 2239
2019-04-11 05:06:00,529 INFO reaped unknown pid 2242
2019-04-11 05:06:00,534 INFO reaped unknown pid 2245
2019-04-11 05:06:00,541 INFO reaped unknown pid 2248
2019-04-11 05:06:00,544 INFO reaped unknown pid 2251
2019-04-11 05:06:00,547 INFO reaped unknown pid 2254
2019-04-11 05:06:00,554 INFO reaped unknown pid 2257
2019-04-11 05:06:00,563 INFO reaped unknown pid 2260
2019-04-11 05:06:00,579 INFO reaped unknown pid 2263
2019-04-11 05:06:00,589 INFO reaped unknown pid 2266
2019-04-11 05:06:00,595 INFO reaped unknown pid 2269
2019-04-11 05:06:00,601 INFO reaped unknown pid 2272
2019-04-11 05:06:00,609 INFO reaped unknown pid 2275
2019-04-11 05:06:00,611 INFO reaped unknown pid 2278
2019-04-11 05:06:00,620 INFO reaped unknown pid 2281
2019-04-11 05:06:00,625 INFO reaped unknown pid 2284
2019-04-11 05:06:00,631 INFO reaped unknown pid 2287
2019-04-11 05:06:00,637 INFO reaped unknown pid 2290
2019-04-11 05:06:00,644 INFO reaped unknown pid 2293
2019-04-11 05:06:00,650 INFO reaped unknown pid 2296
2019-04-11 05:06:00,654 INFO reaped unknown pid 2299
2019-04-11 05:06:00,659 INFO reaped unknown pid 2302
2019-04-11 05:06:00,667 INFO reaped unknown pid 2305
2019-04-11 05:06:00,677 INFO reaped unknown pid 2308
2019-04-11 05:06:00,682 INFO reaped unknown pid 2311
2019-04-11 05:06:00,686 INFO reaped unknown pid 2314
2019-04-11 05:06:00,690 INFO reaped unknown pid 2317
2019-04-11 05:06:00,697 INFO reaped unknown pid 2320
2019-04-11 05:06:00,707 INFO reaped unknown pid 2323
2019-04-11 05:06:00,713 INFO reaped unknown pid 2326
2019-04-11 05:06:00,741 INFO reaped unknown pid 2329
2019-04-11 05:06:00,757 INFO reaped unknown pid 2332
2019-04-11 05:06:00,760 INFO reaped unknown pid 2335
2019-04-11 05:06:00,771 INFO reaped unknown pid 2338
2019-04-11 05:06:00,778 INFO reaped unknown pid 2341
2019-04-11 05:06:00,781 INFO reaped unknown pid 2344
2019-04-11 05:06:00,786 INFO reaped unknown pid 2347
2019-04-11 05:06:00,795 INFO reaped unknown pid 2350
2019-04-11 05:06:00,798 INFO reaped unknown pid 2353
2019-04-11 05:06:00,803 INFO reaped unknown pid 2356
2019-04-11 05:06:00,813 INFO reaped unknown pid 2359
2019-04-11 05:06:00,814 INFO reaped unknown pid 2362
2019-04-11 05:06:00,830 INFO reaped unknown pid 2365
2019-04-11 05:06:00,830 INFO reaped unknown pid 2368
2019-04-11 05:06:00,835 INFO reaped unknown pid 2371
2019-04-11 05:06:00,838 INFO reaped unknown pid 2374
2019-04-11 05:06:00,842 INFO reaped unknown pid 2377
2019-04-11 05:06:00,920 INFO reaped unknown pid 2380
2019-04-11 05:06:00,920 INFO reaped unknown pid 2383
2019-04-11 05:06:00,920 INFO reaped unknown pid 2386
2019-04-11 05:06:00,922 INFO reaped unknown pid 2389
2019-04-11 05:06:00,924 INFO reaped unknown pid 2392
2019-04-11 05:06:00,927 INFO reaped unknown pid 2395
2019-04-11 05:06:00,927 INFO reaped unknown pid 2398
2019-04-11 05:06:00,927 INFO reaped unknown pid 2401
2019-04-11 05:06:00,934 INFO reaped unknown pid 2404
2019-04-11 05:06:00,941 INFO reaped unknown pid 2407
2019-04-11 05:06:00,945 INFO reaped unknown pid 2410
2019-04-11 05:06:01,010 INFO reaped unknown pid 2413
2019-04-11 05:06:01,011 INFO reaped unknown pid 2416
2019-04-11 05:06:01,011 INFO reaped unknown pid 2419
2019-04-11 05:06:01,011 INFO reaped unknown pid 2422
2019-04-11 05:06:01,011 INFO reaped unknown pid 2425
2019-04-11 05:06:01,014 INFO reaped unknown pid 2428
2019-04-11 05:06:01,014 INFO reaped unknown pid 2431
2019-04-11 05:06:01,014 INFO reaped unknown pid 2434
2019-04-11 05:06:01,015 INFO reaped unknown pid 2437
2019-04-11 05:06:01,023 INFO reaped unknown pid 2440
2019-04-11 05:06:01,025 INFO reaped unknown pid 2443
2019-04-11 05:06:01,025 INFO reaped unknown pid 2446
2019-04-11 05:06:01,026 INFO reaped unknown pid 2449
2019-04-11 05:06:01,043 INFO reaped unknown pid 2455
2019-04-11 05:06:01,044 INFO reaped unknown pid 2458
2019-04-11 05:06:01,046 INFO reaped unknown pid 2461
2019-04-11 05:06:01,052 INFO reaped unknown pid 2464
2019-04-11 05:06:01,057 INFO reaped unknown pid 2467
2019-04-11 05:06:01,062 INFO reaped unknown pid 2470
2019-04-11 05:06:01,069 INFO reaped unknown pid 2452
2019-04-11 05:06:01,127 INFO reaped unknown pid 2476
2019-04-11 05:06:01,127 INFO reaped unknown pid 2473
2019-04-11 05:06:01,127 INFO reaped unknown pid 2479
2019-04-11 05:06:01,128 INFO reaped unknown pid 2482
2019-04-11 05:06:01,136 INFO reaped unknown pid 2485
2019-04-11 05:06:01,138 INFO reaped unknown pid 2488
2019-04-11 05:06:01,138 INFO reaped unknown pid 2491
2019-04-11 05:06:01,151 INFO reaped unknown pid 2494
2019-04-11 05:06:01,151 INFO reaped unknown pid 2500
2019-04-11 05:06:01,154 INFO reaped unknown pid 2497
2019-04-11 05:06:01,161 INFO reaped unknown pid 2503
2019-04-11 05:06:01,184 INFO reaped unknown pid 2506
2019-04-11 05:06:01,185 INFO reaped unknown pid 2509
2019-04-11 05:06:01,186 INFO reaped unknown pid 2512
2019-04-11 05:06:01,186 INFO reaped unknown pid 2515
2019-04-11 05:06:01,190 INFO reaped unknown pid 2518
2019-04-11 05:06:01,195 INFO reaped unknown pid 2521
2019-04-11 05:06:01,203 INFO reaped unknown pid 2524
2019-04-11 05:06:01,208 INFO reaped unknown pid 2527
2019-04-11 05:06:01,219 INFO reaped unknown pid 2530
2019-04-11 05:06:01,229 INFO reaped unknown pid 2533
2019-04-11 05:06:01,254 INFO reaped unknown pid 2536
2019-04-11 05:06:01,272 INFO reaped unknown pid 2539
2019-04-11 05:06:01,287 INFO reaped unknown pid 2542
2019-04-11 05:06:01,288 INFO reaped unknown pid 2545
2019-04-11 05:06:01,291 INFO reaped unknown pid 2548
2019-04-11 05:06:01,298 INFO reaped unknown pid 2551
2019-04-11 05:06:01,306 INFO reaped unknown pid 2554
2019-04-11 05:06:01,321 INFO reaped unknown pid 2557
2019-04-11 05:06:01,332 INFO reaped unknown pid 2559
2019-04-11 05:06:01,347 INFO reaped unknown pid 2563
2019-04-11 05:06:01,357 INFO reaped unknown pid 2566
2019-04-11 05:06:01,370 INFO reaped unknown pid 2569
2019-04-11 05:06:01,376 INFO reaped unknown pid 2572
2019-04-11 05:06:01,382 INFO reaped unknown pid 2575
2019-04-11 05:06:01,387 INFO reaped unknown pid 2578
2019-04-11 05:06:01,393 INFO reaped unknown pid 2581
2019-04-11 05:06:01,403 INFO reaped unknown pid 2584
2019-04-11 05:06:01,408 INFO reaped unknown pid 2587
2019-04-11 05:06:01,420 INFO reaped unknown pid 2590
2019-04-11 05:06:01,426 INFO reaped unknown pid 2593
2019-04-11 05:06:01,456 INFO reaped unknown pid 2596
2019-04-11 05:06:01,457 INFO reaped unknown pid 2599
2019-04-11 05:06:01,457 INFO reaped unknown pid 2602
2019-04-11 05:06:01,457 INFO reaped unknown pid 2605
2019-04-11 05:06:01,457 INFO reaped unknown pid 2608
2019-04-11 05:06:01,465 INFO reaped unknown pid 2611
2019-04-11 05:06:01,471 INFO reaped unknown pid 2614
2019-04-11 05:06:01,493 INFO reaped unknown pid 2620
2019-04-11 05:06:01,493 INFO reaped unknown pid 2617
2019-04-11 05:06:01,494 INFO reaped unknown pid 2623
2019-04-11 05:06:01,501 INFO reaped unknown pid 2626
2019-04-11 05:06:01,510 INFO reaped unknown pid 2629
2019-04-11 05:06:01,521 INFO reaped unknown pid 2632
2019-04-11 05:06:01,533 INFO reaped unknown pid 2635
2019-04-11 05:06:01,539 INFO reaped unknown pid 2638
2019-04-11 05:06:01,548 INFO reaped unknown pid 2641
2019-04-11 05:06:01,551 INFO reaped unknown pid 2644
2019-04-11 05:06:01,556 INFO reaped unknown pid 2647
2019-04-11 05:06:01,561 INFO reaped unknown pid 2650
2019-04-11 05:06:01,573 INFO reaped unknown pid 2653
2019-04-11 05:06:01,577 INFO reaped unknown pid 2656
2019-04-11 05:06:01,583 INFO reaped unknown pid 2659
2019-04-11 05:06:01,588 INFO reaped unknown pid 2662
2019-04-11 05:06:01,593 INFO reaped unknown pid 2665
2019-04-11 05:06:01,600 INFO reaped unknown pid 2668
2019-04-11 05:06:01,605 INFO reaped unknown pid 2671
2019-04-11 05:06:01,610 INFO reaped unknown pid 2674
2019-04-11 05:06:01,617 INFO reaped unknown pid 2677
2019-04-11 05:06:01,625 INFO reaped unknown pid 2680
2019-04-11 05:06:01,630 INFO reaped unknown pid 2683
2019-04-11 05:06:01,637 INFO reaped unknown pid 2686
2019-04-11 05:06:01,640 INFO reaped unknown pid 2689
2019-04-11 05:06:01,646 INFO reaped unknown pid 2692
2019-04-11 05:06:01,654 INFO reaped unknown pid 2695
2019-04-11 05:06:01,678 INFO reaped unknown pid 2698
2019-04-11 05:06:01,697 INFO reaped unknown pid 2701
2019-04-11 05:06:01,705 INFO reaped unknown pid 2704
2019-04-11 05:06:01,709 INFO reaped unknown pid 2707
2019-04-11 05:06:01,716 INFO reaped unknown pid 2710
2019-04-11 05:06:01,724 INFO reaped unknown pid 2713
2019-04-11 05:06:01,732 INFO reaped unknown pid 2716
2019-04-11 05:06:01,740 INFO reaped unknown pid 2719
2019-04-11 05:06:01,743 INFO reaped unknown pid 2722
2019-04-11 05:06:01,749 INFO reaped unknown pid 2725
2019-04-11 05:06:01,757 INFO reaped unknown pid 2728
2019-04-11 05:06:01,761 INFO reaped unknown pid 2731
2019-04-11 05:06:01,767 INFO reaped unknown pid 2734
2019-04-11 05:06:01,775 INFO reaped unknown pid 2737
2019-04-11 05:06:01,779 INFO reaped unknown pid 2740
2019-04-11 05:06:01,784 INFO reaped unknown pid 2743
2019-04-11 05:06:01,791 INFO reaped unknown pid 2746
2019-04-11 05:06:01,795 INFO reaped unknown pid 2749
2019-04-11 05:06:01,801 INFO reaped unknown pid 2752
2019-04-11 05:06:01,805 INFO reaped unknown pid 2755
2019-04-11 05:06:01,810 INFO reaped unknown pid 2758
2019-04-11 05:06:01,817 INFO reaped unknown pid 2761
2019-04-11 05:06:01,825 INFO reaped unknown pid 2764
2019-04-11 05:06:01,831 INFO reaped unknown pid 2767
2019-04-11 05:06:01,837 INFO reaped unknown pid 2770
2019-04-11 05:06:01,843 INFO reaped unknown pid 2773
2019-04-11 05:06:01,848 INFO reaped unknown pid 2776
2019-04-11 05:06:01,854 INFO reaped unknown pid 2779
2019-04-11 05:06:01,878 INFO reaped unknown pid 2782
2019-04-11 05:06:01,880 INFO reaped unknown pid 2785
2019-04-11 05:06:01,889 INFO reaped unknown pid 2788
2019-04-11 05:06:01,901 INFO reaped unknown pid 2791
2019-04-11 05:06:01,916 INFO reaped unknown pid 2794
2019-04-11 05:06:01,922 INFO reaped unknown pid 2797
2019-04-11 05:06:01,928 INFO reaped unknown pid 2800
2019-04-11 05:06:01,934 INFO reaped unknown pid 2803
2019-04-11 05:06:01,939 INFO reaped unknown pid 2806
2019-04-11 05:06:01,945 INFO reaped unknown pid 2809
2019-04-11 05:06:01,951 INFO reaped unknown pid 2812
2019-04-11 05:06:01,958 INFO reaped unknown pid 2815
2019-04-11 05:06:01,965 INFO reaped unknown pid 2818
2019-04-11 05:06:01,972 INFO reaped unknown pid 2821
2019-04-11 05:06:01,978 INFO reaped unknown pid 2824
2019-04-11 05:06:01,984 INFO reaped unknown pid 2827
2019-04-11 05:06:01,990 INFO reaped unknown pid 2830
2019-04-11 05:06:01,996 INFO reaped unknown pid 2833
2019-04-11 05:06:02,003 INFO reaped unknown pid 2836
2019-04-11 05:06:02,012 INFO reaped unknown pid 2839
2019-04-11 05:06:02,015 INFO reaped unknown pid 2842
2019-04-11 05:06:02,025 INFO reaped unknown pid 2845
2019-04-11 05:06:02,035 INFO reaped unknown pid 2848
2019-04-11 05:06:02,041 INFO reaped unknown pid 2851
2019-04-11 05:06:02,048 INFO reaped unknown pid 2854
2019-04-11 05:06:02,053 INFO reaped unknown pid 2857
2019-04-11 05:06:02,060 INFO reaped unknown pid 2860
2019-04-11 05:06:02,067 INFO reaped unknown pid 2863
2019-04-11 05:06:02,075 INFO reaped unknown pid 2866
2019-04-11 05:06:02,088 INFO reaped unknown pid 2869
2019-04-11 05:06:02,093 INFO reaped unknown pid 2872
2019-04-11 05:06:02,108 INFO reaped unknown pid 2875
2019-04-11 05:06:02,115 INFO reaped unknown pid 2878
2019-04-11 05:06:02,128 INFO reaped unknown pid 2881
2019-04-11 05:06:02,133 INFO reaped unknown pid 2884
2019-04-11 05:06:02,141 INFO reaped unknown pid 2887
2019-04-11 05:06:02,149 INFO reaped unknown pid 2890
2019-04-11 05:06:02,155 INFO reaped unknown pid 2893
2019-04-11 05:06:02,162 INFO reaped unknown pid 2896
2019-04-11 05:06:02,170 INFO reaped unknown pid 2899
2019-04-11 05:06:02,180 INFO reaped unknown pid 2902
2019-04-11 05:06:02,183 INFO reaped unknown pid 2905
2019-04-11 05:06:02,189 INFO reaped unknown pid 2908
2019-04-11 05:06:02,196 INFO reaped unknown pid 2911
2019-04-11 05:06:02,201 INFO reaped unknown pid 2914
2019-04-11 05:06:02,211 INFO reaped unknown pid 2917
2019-04-11 05:06:02,216 INFO reaped unknown pid 2920
2019-04-11 05:06:02,223 INFO reaped unknown pid 2923
2019-04-11 05:06:02,230 INFO reaped unknown pid 2926
2019-04-11 05:06:02,234 INFO reaped unknown pid 2929
2019-04-11 05:06:02,241 INFO reaped unknown pid 2932
2019-04-11 05:06:02,245 INFO reaped unknown pid 2935
2019-04-11 05:06:02,249 INFO reaped unknown pid 2938
2019-04-11 05:06:02,257 INFO reaped unknown pid 2941
2019-04-11 05:06:02,267 INFO reaped unknown pid 2944
2019-04-11 05:06:02,276 INFO reaped unknown pid 2947
2019-04-11 05:06:02,286 INFO reaped unknown pid 2950
2019-04-11 05:06:02,295 INFO reaped unknown pid 2953
2019-04-11 05:06:02,303 INFO reaped unknown pid 2956
2019-04-11 05:06:02,311 INFO reaped unknown pid 2959
2019-04-11 05:06:02,316 INFO reaped unknown pid 2962
2019-04-11 05:06:02,323 INFO reaped unknown pid 2965
2019-04-11 05:06:02,331 INFO reaped unknown pid 2968
2019-04-11 05:06:02,338 INFO reaped unknown pid 2971
2019-04-11 05:06:02,345 INFO reaped unknown pid 2974
2019-04-11 05:06:02,352 INFO reaped unknown pid 2977
2019-04-11 05:06:02,359 INFO reaped unknown pid 2980
2019-04-11 05:06:02,366 INFO reaped unknown pid 2983
2019-04-11 05:06:02,372 INFO reaped unknown pid 2986
2019-04-11 05:06:02,378 INFO reaped unknown pid 2989
2019-04-11 05:06:02,383 INFO reaped unknown pid 2992
2019-04-11 05:06:02,393 INFO reaped unknown pid 2995
2019-04-11 05:06:02,405 INFO reaped unknown pid 2998
2019-04-11 05:06:02,448 INFO reaped unknown pid 3001
2019-04-11 05:06:02,462 INFO reaped unknown pid 3004
2019-04-11 05:06:02,476 INFO reaped unknown pid 3007
2019-04-11 05:06:02,483 INFO reaped unknown pid 3010
2019-04-11 05:06:02,495 INFO reaped unknown pid 3013
2019-04-11 05:06:02,507 INFO reaped unknown pid 3016
2019-04-11 05:06:02,522 INFO reaped unknown pid 3019
2019-04-11 05:06:02,537 INFO reaped unknown pid 3022
2019-04-11 05:06:02,545 INFO reaped unknown pid 3025
2019-04-11 05:06:02,555 INFO reaped unknown pid 3028
2019-04-11 05:06:02,560 INFO reaped unknown pid 3031
2019-04-11 05:06:02,568 INFO reaped unknown pid 3034
2019-04-11 05:06:02,574 INFO reaped unknown pid 3037
2019-04-11 05:06:02,578 INFO reaped unknown pid 3040
2019-04-11 05:06:02,585 INFO reaped unknown pid 3043
2019-04-11 05:06:02,592 INFO reaped unknown pid 3046
2019-04-11 05:06:02,595 INFO reaped unknown pid 3049
2019-04-11 05:06:02,601 INFO reaped unknown pid 3052
2019-04-11 05:06:02,607 INFO reaped unknown pid 3055
2019-04-11 05:06:02,611 INFO reaped unknown pid 3058
2019-04-11 05:06:02,620 INFO reaped unknown pid 3061
2019-04-11 05:06:02,628 INFO reaped unknown pid 3064
2019-04-11 05:06:02,635 INFO reaped unknown pid 3067
2019-04-11 05:06:02,641 INFO reaped unknown pid 3070
2019-04-11 05:06:02,646 INFO reaped unknown pid 3073
2019-04-11 05:06:02,651 INFO reaped unknown pid 3076
2019-04-11 05:06:02,656 INFO reaped unknown pid 3079
2019-04-11 05:06:02,668 INFO reaped unknown pid 3082
2019-04-11 05:06:02,676 INFO reaped unknown pid 3085
2019-04-11 05:06:02,689 INFO reaped unknown pid 3088
2019-04-11 05:06:02,700 INFO reaped unknown pid 3091
2019-04-11 05:06:02,706 INFO reaped unknown pid 3094
2019-04-11 05:06:02,712 INFO reaped unknown pid 3097
2019-04-11 05:06:02,720 INFO reaped unknown pid 3100
2019-04-11 05:06:02,728 INFO reaped unknown pid 3103
2019-04-11 05:06:02,736 INFO reaped unknown pid 3106
2019-04-11 05:06:02,745 INFO reaped unknown pid 3109
2019-04-11 05:06:02,752 INFO reaped unknown pid 3112
2019-04-11 05:06:02,756 INFO reaped unknown pid 3115
2019-04-11 05:06:02,766 INFO reaped unknown pid 3118
2019-04-11 05:06:02,773 INFO reaped unknown pid 3121
2019-04-11 05:06:02,778 INFO reaped unknown pid 3124
2019-04-11 05:06:02,786 INFO reaped unknown pid 3127
2019-04-11 05:06:02,791 INFO reaped unknown pid 3130
2019-04-11 05:06:02,797 INFO reaped unknown pid 3133
2019-04-11 05:06:02,805 INFO reaped unknown pid 3136
2019-04-11 05:06:02,811 INFO reaped unknown pid 3139
2019-04-11 05:06:02,834 INFO reaped unknown pid 3142
2019-04-11 05:06:02,850 INFO reaped unknown pid 3145
2019-04-11 05:06:02,929 INFO reaped unknown pid 3148
2019-04-11 05:06:02,943 INFO reaped unknown pid 3151
2019-04-11 05:06:02,950 INFO reaped unknown pid 3154
2019-04-11 05:06:03,050 INFO reaped unknown pid 3157
2019-04-11 05:06:03,140 INFO reaped unknown pid 3163
2019-04-11 05:06:03,182 INFO reaped unknown pid 3166
2019-04-11 05:06:03,201 INFO reaped unknown pid 3160
2019-04-11 05:06:03,205 INFO reaped unknown pid 3169
2019-04-11 05:06:03,220 INFO reaped unknown pid 3172
2019-04-11 05:06:03,233 INFO reaped unknown pid 3175
2019-04-11 05:06:03,240 INFO reaped unknown pid 3178
2019-04-11 05:06:03,247 INFO reaped unknown pid 3181
2019-04-11 05:06:03,254 INFO reaped unknown pid 3184
2019-04-11 05:06:03,261 INFO reaped unknown pid 3187
2019-04-11 05:06:03,302 INFO reaped unknown pid 3190
2019-04-11 05:06:03,307 INFO reaped unknown pid 3193
2019-04-11 05:06:03,318 INFO reaped unknown pid 3196
2019-04-11 05:06:03,326 INFO reaped unknown pid 3199
2019-04-11 05:06:03,337 INFO reaped unknown pid 3202
2019-04-11 05:06:03,346 INFO reaped unknown pid 3205
2019-04-11 05:06:03,354 INFO reaped unknown pid 3208
2019-04-11 05:06:03,372 INFO reaped unknown pid 3211
2019-04-11 05:06:03,386 INFO reaped unknown pid 3214
2019-04-11 05:06:03,405 INFO reaped unknown pid 3217
2019-04-11 05:06:03,426 INFO reaped unknown pid 3220
2019-04-11 05:06:03,457 INFO reaped unknown pid 3222
2019-04-11 05:06:03,499 INFO reaped unknown pid 3226
2019-04-11 05:06:03,515 INFO reaped unknown pid 3229
2019-04-11 05:06:03,534 INFO reaped unknown pid 3232
2019-04-11 05:06:03,542 INFO reaped unknown pid 3235
2019-04-11 05:06:03,550 INFO reaped unknown pid 3238
2019-04-11 05:06:03,559 INFO reaped unknown pid 3241
2019-04-11 05:06:03,576 INFO reaped unknown pid 3244
2019-04-11 05:06:03,587 INFO reaped unknown pid 3247
2019-04-11 05:06:03,597 INFO reaped unknown pid 3250
2019-04-11 05:06:03,610 INFO reaped unknown pid 3253
2019-04-11 05:06:03,626 INFO reaped unknown pid 3256
2019-04-11 05:06:03,635 INFO reaped unknown pid 3259
2019-04-11 05:06:03,645 INFO reaped unknown pid 3262
2019-04-11 05:06:03,653 INFO reaped unknown pid 3265
2019-04-11 05:06:03,660 INFO reaped unknown pid 3268
2019-04-11 05:06:03,671 INFO reaped unknown pid 3271
2019-04-11 05:06:03,687 INFO reaped unknown pid 3274
2019-04-11 05:06:03,695 INFO reaped unknown pid 3277
2019-04-11 05:06:03,707 INFO reaped unknown pid 3280
2019-04-11 05:06:03,714 INFO reaped unknown pid 3283
2019-04-11 05:06:03,727 INFO reaped unknown pid 3286
2019-04-11 05:06:03,737 INFO reaped unknown pid 3289
2019-04-11 05:06:03,744 INFO reaped unknown pid 3292
2019-04-11 05:06:03,750 INFO reaped unknown pid 3295
2019-04-11 05:06:03,755 INFO reaped unknown pid 3298
2019-04-11 05:06:03,760 INFO reaped unknown pid 3301
2019-04-11 05:06:03,769 INFO reaped unknown pid 3304
2019-04-11 05:06:03,780 INFO reaped unknown pid 3307
2019-04-11 05:06:03,788 INFO reaped unknown pid 3310
2019-04-11 05:06:03,793 INFO reaped unknown pid 3313
2019-04-11 05:06:03,799 INFO reaped unknown pid 3316
2019-04-11 05:06:03,805 INFO reaped unknown pid 3319
2019-04-11 05:06:03,811 INFO reaped unknown pid 3322
2019-04-11 05:06:03,816 INFO reaped unknown pid 3325
2019-04-11 05:06:03,828 INFO reaped unknown pid 3328
2019-04-11 05:06:03,833 INFO reaped unknown pid 3331
2019-04-11 05:06:03,841 INFO reaped unknown pid 3334
2019-04-11 05:06:03,846 INFO reaped unknown pid 3337
2019-04-11 05:06:03,853 INFO reaped unknown pid 3340
2019-04-11 05:06:03,860 INFO reaped unknown pid 3343
2019-04-11 05:06:03,892 INFO reaped unknown pid 3348
2019-04-11 05:06:03,899 INFO reaped unknown pid 3352
2019-04-11 05:06:03,905 INFO reaped unknown pid 3355
2019-04-11 05:06:03,910 INFO reaped unknown pid 3358
2019-04-11 05:06:03,919 INFO reaped unknown pid 3361
2019-04-11 05:06:03,927 INFO reaped unknown pid 3364
2019-04-11 05:06:03,933 INFO reaped unknown pid 3367
2019-04-11 05:06:03,939 INFO reaped unknown pid 3370
2019-04-11 05:06:03,945 INFO reaped unknown pid 3373
2019-04-11 05:06:03,951 INFO reaped unknown pid 3376
2019-04-11 05:06:03,956 INFO reaped unknown pid 3379
2019-04-11 05:06:03,963 INFO reaped unknown pid 3382
2019-04-11 05:06:03,973 INFO reaped unknown pid 3385
2019-04-11 05:06:03,980 INFO reaped unknown pid 3388
2019-04-11 05:06:03,986 INFO reaped unknown pid 3391
2019-04-11 05:06:03,994 INFO reaped unknown pid 3394
2019-04-11 05:06:04,004 INFO reaped unknown pid 3397
2019-04-11 05:06:04,010 INFO reaped unknown pid 3400
2019-04-11 05:06:04,027 INFO reaped unknown pid 3403
2019-04-11 05:06:04,028 INFO reaped unknown pid 3406
2019-04-11 05:06:04,033 INFO reaped unknown pid 3409
2019-04-11 05:06:04,039 INFO reaped unknown pid 3412
2019-04-11 05:06:04,046 INFO reaped unknown pid 3415
2019-04-11 05:06:04,052 INFO reaped unknown pid 3418
2019-04-11 05:06:04,058 INFO reaped unknown pid 3421
2019-04-11 05:06:04,064 INFO reaped unknown pid 3424
2019-04-11 05:06:04,072 INFO reaped unknown pid 3427
2019-04-11 05:06:04,077 INFO reaped unknown pid 3430
2019-04-11 05:06:04,084 INFO reaped unknown pid 3433
2019-04-11 05:06:04,089 INFO reaped unknown pid 3436
2019-04-11 05:06:04,095 INFO reaped unknown pid 3439
2019-04-11 05:06:04,100 INFO reaped unknown pid 3442
2019-04-11 05:06:04,106 INFO reaped unknown pid 3445
2019-04-11 05:06:04,118 INFO reaped unknown pid 3448
2019-04-11 05:06:04,125 INFO reaped unknown pid 3451
2019-04-11 05:06:04,133 INFO reaped unknown pid 3454
2019-04-11 05:06:04,139 INFO reaped unknown pid 3457
2019-04-11 05:06:04,145 INFO reaped unknown pid 3460
2019-04-11 05:06:04,152 INFO reaped unknown pid 3463
2019-04-11 05:06:04,159 INFO reaped unknown pid 3466
2019-04-11 05:06:04,168 INFO reaped unknown pid 3469
2019-04-11 05:06:04,179 INFO reaped unknown pid 3472
2019-04-11 05:06:04,187 INFO reaped unknown pid 3475
2019-04-11 05:06:04,192 INFO reaped unknown pid 3478
2019-04-11 05:06:04,201 INFO reaped unknown pid 3481
2019-04-11 05:06:04,205 INFO reaped unknown pid 3484
2019-04-11 05:06:04,210 INFO reaped unknown pid 3487
2019-04-11 05:06:04,222 INFO reaped unknown pid 3490
2019-04-11 05:06:04,229 INFO reaped unknown pid 3493
2019-04-11 05:06:04,236 INFO reaped unknown pid 3496
2019-04-11 05:06:04,241 INFO reaped unknown pid 3499
2019-04-11 05:06:04,248 INFO reaped unknown pid 3502
2019-04-11 05:06:04,255 INFO reaped unknown pid 3505
2019-04-11 05:06:04,260 INFO reaped unknown pid 3508
2019-04-11 05:06:04,272 INFO reaped unknown pid 3511
2019-04-11 05:06:04,278 INFO reaped unknown pid 3514
2019-04-11 05:06:04,283 INFO reaped unknown pid 3517
2019-04-11 05:06:04,290 INFO reaped unknown pid 3520
2019-04-11 05:06:04,295 INFO reaped unknown pid 3523
2019-04-11 05:06:04,299 INFO reaped unknown pid 3526
2019-04-11 05:06:04,307 INFO reaped unknown pid 3529
2019-04-11 05:06:04,315 INFO reaped unknown pid 3532
2019-04-11 05:06:04,324 INFO reaped unknown pid 3535
2019-04-11 05:06:04,330 INFO reaped unknown pid 3538
2019-04-11 05:06:04,337 INFO reaped unknown pid 3541
2019-04-11 05:06:04,342 INFO reaped unknown pid 3544
2019-04-11 05:06:04,349 INFO reaped unknown pid 3547
2019-04-11 05:06:04,355 INFO reaped unknown pid 3550
2019-04-11 05:06:04,360 INFO reaped unknown pid 3553
2019-04-11 05:06:04,370 INFO reaped unknown pid 3556
2019-04-11 05:06:04,379 INFO reaped unknown pid 3559
2019-04-11 05:06:04,384 INFO reaped unknown pid 3562
2019-04-11 05:06:04,388 INFO reaped unknown pid 3565
2019-04-11 05:06:04,409 INFO reaped unknown pid 3568
2019-04-11 05:06:04,409 INFO reaped unknown pid 3571
2019-04-11 05:06:04,409 INFO reaped unknown pid 3574
2019-04-11 05:06:04,410 INFO reaped unknown pid 3577
2019-04-11 05:06:04,420 INFO reaped unknown pid 3580
2019-04-11 05:06:04,425 INFO reaped unknown pid 3583
2019-04-11 05:06:04,430 INFO reaped unknown pid 3586
2019-04-11 05:06:04,436 INFO reaped unknown pid 3589
2019-04-11 05:06:04,441 INFO reaped unknown pid 3592
2019-04-11 05:06:04,447 INFO reaped unknown pid 3595
2019-04-11 05:06:04,453 INFO reaped unknown pid 3598
2019-04-11 05:06:04,459 INFO reaped unknown pid 3601
2019-04-11 05:06:04,467 INFO reaped unknown pid 3604
2019-04-11 05:06:04,475 INFO reaped unknown pid 3607
2019-04-11 05:06:04,481 INFO reaped unknown pid 3610
2019-04-11 05:06:04,487 INFO reaped unknown pid 3613
2019-04-11 05:06:04,493 INFO reaped unknown pid 3616
2019-04-11 05:06:04,499 INFO reaped unknown pid 3619
2019-04-11 05:06:04,505 INFO reaped unknown pid 3622
2019-04-11 05:06:04,511 INFO reaped unknown pid 3625
2019-04-11 05:06:04,517 INFO reaped unknown pid 3628
2019-04-11 05:06:04,529 INFO reaped unknown pid 3631
2019-04-11 05:06:04,535 INFO reaped unknown pid 3634
2019-04-11 05:06:04,542 INFO reaped unknown pid 3637
2019-04-11 05:06:04,548 INFO reaped unknown pid 3640
2019-04-11 05:06:04,554 INFO reaped unknown pid 3643
2019-04-11 05:06:04,560 INFO reaped unknown pid 3646
2019-04-11 05:06:04,571 INFO reaped unknown pid 3649
2019-04-11 05:06:04,579 INFO reaped unknown pid 3652
2019-04-11 05:06:04,585 INFO reaped unknown pid 3655
2019-04-11 05:06:04,590 INFO reaped unknown pid 3658
2019-04-11 05:06:04,597 INFO reaped unknown pid 3661
2019-04-11 05:06:04,603 INFO reaped unknown pid 3664
2019-04-11 05:06:04,608 INFO reaped unknown pid 3667
2019-04-11 05:06:04,619 INFO reaped unknown pid 3670
2019-04-11 05:06:04,625 INFO reaped unknown pid 3673
2019-04-11 05:06:04,631 INFO reaped unknown pid 3676
2019-04-11 05:06:04,637 INFO reaped unknown pid 3679
2019-04-11 05:06:04,643 INFO reaped unknown pid 3682
2019-04-11 05:06:04,647 INFO reaped unknown pid 3685
2019-04-11 05:06:04,655 INFO reaped unknown pid 3688
2019-04-11 05:06:04,660 INFO reaped unknown pid 3691
2019-04-11 05:06:04,670 INFO reaped unknown pid 3694
2019-04-11 05:06:04,676 INFO reaped unknown pid 3697
2019-04-11 05:06:04,682 INFO reaped unknown pid 3700
2019-04-11 05:06:04,688 INFO reaped unknown pid 3703
2019-04-11 05:06:04,693 INFO reaped unknown pid 3706
2019-04-11 05:06:51,262 INFO reaped unknown pid 3753
2019-04-11 05:06:51,286 INFO reaped unknown pid 3756
2019-04-11 05:06:51,310 INFO reaped unknown pid 3759
2019-04-11 05:06:51,320 INFO reaped unknown pid 3762
2019-04-11 05:06:51,330 INFO reaped unknown pid 3765
2019-04-11 05:06:51,338 INFO reaped unknown pid 3768
2019-04-11 05:06:51,347 INFO reaped unknown pid 3771
2019-04-11 05:06:51,355 INFO reaped unknown pid 3774
2019-04-11 05:06:51,365 INFO reaped unknown pid 3777
2019-04-11 05:06:51,370 INFO reaped unknown pid 3780
2019-04-11 05:06:51,381 INFO reaped unknown pid 3783
2019-04-11 05:06:51,389 INFO reaped unknown pid 3786
2019-04-11 05:06:51,397 INFO reaped unknown pid 3789
2019-04-11 05:06:51,408 INFO reaped unknown pid 3792
2019-04-11 05:06:51,416 INFO reaped unknown pid 3795
2019-04-11 05:06:51,425 INFO reaped unknown pid 3798
2019-04-11 05:06:51,434 INFO reaped unknown pid 3801
2019-04-11 05:06:51,440 INFO reaped unknown pid 3804
2019-04-11 05:06:51,450 INFO reaped unknown pid 3807
2019-04-11 05:13:03,501 WARN received SIGTERM indicating exit request
2019-04-11 05:13:03,502 INFO waiting for varnishd, php-fpm, varnish-plugins-watcher, nginx, MailHog, mysql, varnish-themes-watcher to die
2019-04-11 05:13:03,505 INFO stopped: varnish-themes-watcher (terminated by SIGTERM)
2019-04-11 05:13:03,550 INFO stopped: mysql (exit status 0)
2019-04-11 05:13:03,555 INFO stopped: MailHog (terminated by SIGTERM)
2019-04-11 05:13:03,560 INFO stopped: nginx (exit status 0)
2019-04-11 05:13:04,562 INFO stopped: varnish-plugins-watcher (terminated by SIGTERM)
2019-04-11 05:13:04,579 INFO stopped: php-fpm (exit status 0)
2019-04-11 05:13:05,002 INFO reaped unknown pid 71
2019-04-11 05:13:05,653 INFO stopped: varnishd (exit status 0)
2019-04-11 05:31:38,000 CRIT Supervisor running as root (no user in config file)
2019-04-11 05:31:38,001 INFO Included extra file "/etc/supervisor/conf.d/supervisord.conf" during parsing
2019-04-11 05:31:38,081 INFO RPC interface 'supervisor' initialized
2019-04-11 05:31:38,088 CRIT Server 'unix_http_server' running without any HTTP authentication checking
2019-04-11 05:31:38,091 INFO supervisord started with pid 1
2019-04-11 05:31:39,095 INFO spawned: 'varnishd' with pid 51
2019-04-11 05:31:39,099 INFO spawned: 'php-fpm' with pid 52
2019-04-11 05:31:39,101 INFO spawned: 'varnish-plugins-watcher' with pid 53
2019-04-11 05:31:39,106 INFO spawned: 'nginx' with pid 54
2019-04-11 05:31:39,120 INFO spawned: 'MailHog' with pid 55
2019-04-11 05:31:39,138 INFO spawned: 'mysql' with pid 56
2019-04-11 05:31:39,152 INFO spawned: 'varnish-themes-watcher' with pid 57
2019-04-11 05:31:40,335 INFO success: varnishd entered RUNNING state, process has stayed up for > than 1 seconds (startsecs)
2019-04-11 05:31:40,336 INFO success: php-fpm entered RUNNING state, process has stayed up for > than 1 seconds (startsecs)
2019-04-11 05:31:40,336 INFO success: varnish-plugins-watcher entered RUNNING state, process has stayed up for > than 1 seconds (startsecs)
2019-04-11 05:31:40,336 INFO success: nginx entered RUNNING state, process has stayed up for > than 1 seconds (startsecs)
2019-04-11 05:31:40,336 INFO success: MailHog entered RUNNING state, process has stayed up for > than 1 seconds (startsecs)
2019-04-11 05:31:40,337 INFO success: mysql entered RUNNING state, process has stayed up for > than 1 seconds (startsecs)
2019-04-11 05:31:40,337 INFO success: varnish-themes-watcher entered RUNNING state, process has stayed up for > than 1 seconds (startsecs)
2019-04-11 05:36:07,326 INFO reaped unknown pid 568
2019-04-11 05:37:32,700 INFO reaped unknown pid 643
2019-04-11 05:37:32,703 INFO reaped unknown pid 646
2019-04-11 05:37:56,798 INFO reaped unknown pid 673
2019-04-11 05:37:56,803 INFO reaped unknown pid 676
2019-04-11 05:41:32,726 INFO reaped unknown pid 855
2019-04-11 05:41:32,730 INFO reaped unknown pid 858
2019-04-11 05:42:12,347 INFO reaped unknown pid 897
2019-04-11 05:42:12,351 INFO reaped unknown pid 900
2019-04-11 05:42:41,526 INFO reaped unknown pid 927
2019-04-11 05:42:41,530 INFO reaped unknown pid 930
2019-04-11 05:50:09,946 INFO reaped unknown pid 1293
2019-04-11 05:50:09,947 INFO reaped unknown pid 1290
2019-04-11 05:50:09,951 INFO reaped unknown pid 1296
2019-04-11 05:50:09,958 INFO reaped unknown pid 1299
2019-04-11 05:50:09,964 INFO reaped unknown pid 1302
2019-04-11 05:50:09,971 INFO reaped unknown pid 1305
2019-04-11 05:50:09,975 INFO reaped unknown pid 1308
2019-04-11 05:50:09,982 INFO reaped unknown pid 1311
2019-04-11 05:50:09,988 INFO reaped unknown pid 1314
2019-04-11 05:50:09,995 INFO reaped unknown pid 1317
2019-04-11 05:50:10,003 INFO reaped unknown pid 1320
2019-04-11 05:50:10,012 INFO reaped unknown pid 1323
2019-04-11 05:50:10,018 INFO reaped unknown pid 1326
2019-04-11 05:50:10,025 INFO reaped unknown pid 1329
2019-04-11 05:50:10,032 INFO reaped unknown pid 1332
2019-04-11 05:50:10,046 INFO reaped unknown pid 1335
2019-04-11 05:50:10,058 INFO reaped unknown pid 1338
2019-04-11 05:50:10,065 INFO reaped unknown pid 1341
2019-04-11 05:50:10,073 INFO reaped unknown pid 1344
2019-04-11 05:50:10,081 INFO reaped unknown pid 1347
2019-04-11 05:50:10,088 INFO reaped unknown pid 1350
2019-04-11 05:50:10,095 INFO reaped unknown pid 1353
2019-04-11 05:50:10,103 INFO reaped unknown pid 1356
2019-04-11 05:50:10,111 INFO reaped unknown pid 1359
2019-04-11 05:50:10,122 INFO reaped unknown pid 1362
2019-04-11 05:50:10,128 INFO reaped unknown pid 1365
